08:55:37.938 [background-preinit] INFO  o.h.validator.internal.util.Version - HV000001: Hibernate Validator 8.0.0.Final
08:55:37.985 [main] INFO  com.example.http.HttpApplication - Starting HttpApplication using Java 19.0.2 with PID 20740 (C:\Users\a_djamankeev\IdeaProjects\http — spring sec\target\classes started by a_djamankeev in C:\Users\a_djamankeev\IdeaProjects\http — spring sec)
08:55:37.986 [main] INFO  com.example.http.HttpApplication - No active profile set, falling back to 1 default profile: "default"
08:55:39.462 [main] INFO  o.a.coyote.http11.Http11NioProtocol - Initializing ProtocolHandler ["http-nio-8081"]
08:55:39.463 [main] INFO  o.a.catalina.core.StandardService - Starting service [Tomcat]
08:55:39.463 [main] INFO  o.a.catalina.core.StandardEngine - Starting Servlet engine: [Apache Tomcat/10.1.7]
08:55:39.609 [main] INFO  o.a.c.c.C.[Tomcat].[localhost].[/] - Initializing Spring embedded WebApplicationContext
08:55:39.725 [main] INFO  o.h.jpa.internal.util.LogHelper - HHH000204: Processing PersistenceUnitInfo [name: default]
08:55:39.767 [main] INFO  org.hibernate.Version - HHH000412: Hibernate ORM core version 6.1.7.Final
08:55:40.057 [main] INFO  com.zaxxer.hikari.HikariDataSource - HikariPool-1 - Starting...
08:55:40.289 [main] INFO  com.zaxxer.hikari.pool.HikariPool - HikariPool-1 - Added connection org.postgresql.jdbc.PgConnection@57416e49
08:55:40.290 [main] INFO  com.zaxxer.hikari.HikariDataSource - HikariPool-1 - Start completed.
08:55:40.328 [main] INFO  SQL dialect - HHH000400: Using dialect: org.hibernate.dialect.PostgreSQLDialect
08:55:41.606 [main] INFO  o.h.e.t.j.p.i.JtaPlatformInitiator - HHH000490: Using JtaPlatform implementation: [org.hibernate.engine.transaction.jta.platform.internal.NoJtaPlatform]
08:55:43.048 [main] INFO  o.a.coyote.http11.Http11NioProtocol - Starting ProtocolHandler ["http-nio-8081"]
08:55:43.068 [main] INFO  com.example.http.HttpApplication - Started HttpApplication in 5.402 seconds (process running for 10.073)
08:56:51.098 [http-nio-8081-exec-4] INFO  o.a.c.c.C.[Tomcat].[localhost].[/] - Initializing Spring DispatcherServlet 'dispatcherServlet'
08:56:51.172 [http-nio-8081-exec-4] ERROR o.a.c.c.C.[.[.[.[dispatcherServlet] - Servlet.service() for servlet [dispatcherServlet] in context with path [] threw exception
io.jsonwebtoken.ExpiredJwtException: JWT expired at 2023-09-01T10:20:08Z. Current time: 2023-09-04T02:56:51Z, a difference of 232603171 milliseconds.  Allowed clock skew: 0 milliseconds.
	at io.jsonwebtoken.impl.DefaultJwtParser.parse(DefaultJwtParser.java:427)
	at io.jsonwebtoken.impl.DefaultJwtParser.parse(DefaultJwtParser.java:529)
	at io.jsonwebtoken.impl.DefaultJwtParser.parseClaimsJws(DefaultJwtParser.java:589)
	at io.jsonwebtoken.impl.ImmutableJwtParser.parseClaimsJws(ImmutableJwtParser.java:173)
	at com.example.http.auth.config.JwtService.extractClaims(JwtService.java:68)
	at com.example.http.auth.config.JwtService.extractClaims(JwtService.java:58)
	at com.example.http.auth.config.JwtService.extractUserName(JwtService.java:23)
	at com.example.http.auth.config.JwtAuthenticationFilter.doFilterInternal(JwtAuthenticationFilter.java:37)
	at org.springframework.web.filter.OncePerRequestFilter.doFilter(OncePerRequestFilter.java:116)
	at org.springframework.security.web.FilterChainProxy$VirtualFilterChain.doFilter(FilterChainProxy.java:374)
	at org.springframework.security.web.authentication.logout.LogoutFilter.doFilter(LogoutFilter.java:107)
	at org.springframework.security.web.authentication.logout.LogoutFilter.doFilter(LogoutFilter.java:93)
	at org.springframework.security.web.FilterChainProxy$VirtualFilterChain.doFilter(FilterChainProxy.java:374)
	at org.springframework.security.web.header.HeaderWriterFilter.doHeadersAfter(HeaderWriterFilter.java:90)
	at org.springframework.security.web.header.HeaderWriterFilter.doFilterInternal(HeaderWriterFilter.java:75)
	at org.springframework.web.filter.OncePerRequestFilter.doFilter(OncePerRequestFilter.java:116)
	at org.springframework.security.web.FilterChainProxy$VirtualFilterChain.doFilter(FilterChainProxy.java:374)
	at org.springframework.security.web.context.SecurityContextHolderFilter.doFilter(SecurityContextHolderFilter.java:82)
	at org.springframework.security.web.context.SecurityContextHolderFilter.doFilter(SecurityContextHolderFilter.java:69)
	at org.springframework.security.web.FilterChainProxy$VirtualFilterChain.doFilter(FilterChainProxy.java:374)
	at org.springframework.security.web.context.request.async.WebAsyncManagerIntegrationFilter.doFilterInternal(WebAsyncManagerIntegrationFilter.java:62)
	at org.springframework.web.filter.OncePerRequestFilter.doFilter(OncePerRequestFilter.java:116)
	at org.springframework.security.web.FilterChainProxy$VirtualFilterChain.doFilter(FilterChainProxy.java:374)
	at org.springframework.security.web.session.DisableEncodeUrlFilter.doFilterInternal(DisableEncodeUrlFilter.java:42)
	at org.springframework.web.filter.OncePerRequestFilter.doFilter(OncePerRequestFilter.java:116)
	at org.springframework.security.web.FilterChainProxy$VirtualFilterChain.doFilter(FilterChainProxy.java:374)
	at org.springframework.security.web.FilterChainProxy.doFilterInternal(FilterChainProxy.java:233)
	at org.springframework.security.web.FilterChainProxy.doFilter(FilterChainProxy.java:191)
	at org.springframework.web.filter.DelegatingFilterProxy.invokeDelegate(DelegatingFilterProxy.java:352)
	at org.springframework.web.filter.DelegatingFilterProxy.doFilter(DelegatingFilterProxy.java:268)
	at org.apache.catalina.core.ApplicationFilterChain.internalDoFilter(ApplicationFilterChain.java:174)
	at org.apache.catalina.core.ApplicationFilterChain.doFilter(ApplicationFilterChain.java:149)
	at org.springframework.web.filter.RequestContextFilter.doFilterInternal(RequestContextFilter.java:100)
	at org.springframework.web.filter.OncePerRequestFilter.doFilter(OncePerRequestFilter.java:116)
	at org.apache.catalina.core.ApplicationFilterChain.internalDoFilter(ApplicationFilterChain.java:174)
	at org.apache.catalina.core.ApplicationFilterChain.doFilter(ApplicationFilterChain.java:149)
	at org.springframework.web.filter.FormContentFilter.doFilterInternal(FormContentFilter.java:93)
	at org.springframework.web.filter.OncePerRequestFilter.doFilter(OncePerRequestFilter.java:116)
	at org.apache.catalina.core.ApplicationFilterChain.internalDoFilter(ApplicationFilterChain.java:174)
	at org.apache.catalina.core.ApplicationFilterChain.doFilter(ApplicationFilterChain.java:149)
	at org.springframework.web.filter.CharacterEncodingFilter.doFilterInternal(CharacterEncodingFilter.java:201)
	at org.springframework.web.filter.OncePerRequestFilter.doFilter(OncePerRequestFilter.java:116)
	at org.apache.catalina.core.ApplicationFilterChain.internalDoFilter(ApplicationFilterChain.java:174)
	at org.apache.catalina.core.ApplicationFilterChain.doFilter(ApplicationFilterChain.java:149)
	at org.apache.catalina.core.StandardWrapperValve.invoke(StandardWrapperValve.java:166)
	at org.apache.catalina.core.StandardContextValve.invoke(StandardContextValve.java:90)
	at org.apache.catalina.authenticator.AuthenticatorBase.invoke(AuthenticatorBase.java:493)
	at org.apache.catalina.core.StandardHostValve.invoke(StandardHostValve.java:115)
	at org.apache.catalina.valves.ErrorReportValve.invoke(ErrorReportValve.java:93)
	at org.apache.catalina.core.StandardEngineValve.invoke(StandardEngineValve.java:74)
	at org.apache.catalina.connector.CoyoteAdapter.service(CoyoteAdapter.java:341)
	at org.apache.coyote.http11.Http11Processor.service(Http11Processor.java:390)
	at org.apache.coyote.AbstractProcessorLight.process(AbstractProcessorLight.java:63)
	at org.apache.coyote.AbstractProtocol$ConnectionHandler.process(AbstractProtocol.java:894)
	at org.apache.tomcat.util.net.NioEndpoint$SocketProcessor.doRun(NioEndpoint.java:1741)
	at org.apache.tomcat.util.net.SocketProcessorBase.run(SocketProcessorBase.java:52)
	at org.apache.tomcat.util.threads.ThreadPoolExecutor.runWorker(ThreadPoolExecutor.java:1191)
	at org.apache.tomcat.util.threads.ThreadPoolExecutor$Worker.run(ThreadPoolExecutor.java:659)
	at org.apache.tomcat.util.threads.TaskThread$WrappingRunnable.run(TaskThread.java:61)
	at java.base/java.lang.Thread.run(Thread.java:1589)
08:57:01.062 [http-nio-8081-exec-5] INFO  c.e.h.a.config.AuthenticationService - Authenticate -> AuthenticationRequest(email=jiji@gmail.com, password=100)
08:57:01.470 [http-nio-8081-exec-10] INFO  c.e.h.service.impl.CheckServiceImpl - CheckServiceImpls -> CheckRequest(currency=KGS, account=1, sender=996555777777, status=null, qid=null, date=2023-06-26, type=2)
08:57:18.835 [http-nio-8081-exec-3] INFO  c.e.http.service.impl.PayServiceImpl - PayServiceImpls -> com.example.http.request.PayRequest@6d68791b
09:00:56.381 [SpringApplicationShutdownHook] INFO  com.zaxxer.hikari.HikariDataSource - HikariPool-1 - Shutdown initiated...
09:00:56.386 [SpringApplicationShutdownHook] INFO  com.zaxxer.hikari.HikariDataSource - HikariPool-1 - Shutdown completed.
09:01:01.816 [background-preinit] INFO  o.h.validator.internal.util.Version - HV000001: Hibernate Validator 8.0.0.Final
09:01:01.864 [main] INFO  com.example.http.HttpApplication - Starting HttpApplication using Java 19.0.2 with PID 37080 (C:\Users\a_djamankeev\IdeaProjects\http — spring sec\target\classes started by a_djamankeev in C:\Users\a_djamankeev\IdeaProjects\http — spring sec)
09:01:01.865 [main] INFO  com.example.http.HttpApplication - No active profile set, falling back to 1 default profile: "default"
09:01:03.159 [main] INFO  o.a.coyote.http11.Http11NioProtocol - Initializing ProtocolHandler ["http-nio-8081"]
09:01:03.159 [main] INFO  o.a.catalina.core.StandardService - Starting service [Tomcat]
09:01:03.159 [main] INFO  o.a.catalina.core.StandardEngine - Starting Servlet engine: [Apache Tomcat/10.1.7]
09:01:03.258 [main] INFO  o.a.c.c.C.[Tomcat].[localhost].[/] - Initializing Spring embedded WebApplicationContext
09:01:03.360 [main] INFO  o.h.jpa.internal.util.LogHelper - HHH000204: Processing PersistenceUnitInfo [name: default]
09:01:03.408 [main] INFO  org.hibernate.Version - HHH000412: Hibernate ORM core version 6.1.7.Final
09:01:03.646 [main] INFO  com.zaxxer.hikari.HikariDataSource - HikariPool-1 - Starting...
09:01:03.823 [main] INFO  com.zaxxer.hikari.pool.HikariPool - HikariPool-1 - Added connection org.postgresql.jdbc.PgConnection@d84418a
09:01:03.826 [main] INFO  com.zaxxer.hikari.HikariDataSource - HikariPool-1 - Start completed.
09:01:03.853 [main] INFO  SQL dialect - HHH000400: Using dialect: org.hibernate.dialect.PostgreSQLDialect
09:01:04.898 [main] INFO  o.h.e.t.j.p.i.JtaPlatformInitiator - HHH000490: Using JtaPlatform implementation: [org.hibernate.engine.transaction.jta.platform.internal.NoJtaPlatform]
09:01:06.233 [main] INFO  o.a.coyote.http11.Http11NioProtocol - Starting ProtocolHandler ["http-nio-8081"]
09:01:06.252 [main] INFO  com.example.http.HttpApplication - Started HttpApplication in 4.718 seconds (process running for 5.649)
09:01:08.926 [http-nio-8081-exec-2] INFO  o.a.c.c.C.[Tomcat].[localhost].[/] - Initializing Spring DispatcherServlet 'dispatcherServlet'
09:01:09.432 [http-nio-8081-exec-2] INFO  c.e.http.service.impl.PayServiceImpl - PayServiceImpls -> com.example.http.request.PayRequest@2cbf3b82
09:15:04.560 [http-nio-8081-exec-1] INFO  c.e.h.a.config.AuthenticationService - Authenticate -> AuthenticationRequest(email=jiji@gmail.com, password=100)
09:15:04.925 [http-nio-8081-exec-9] INFO  c.e.http.service.impl.PayServiceImpl - PayServiceImpls -> com.example.http.request.PayRequest@cac09ef
09:18:20.707 [http-nio-8081-exec-6] INFO  c.e.http.service.impl.PayServiceImpl - PayServiceImpls -> com.example.http.request.PayRequest@21430741
09:18:22.354 [http-nio-8081-exec-7] INFO  c.e.http.service.impl.PayServiceImpl - PayServiceImpls -> com.example.http.request.PayRequest@6bb0e14d
09:19:43.786 [SpringApplicationShutdownHook] INFO  com.zaxxer.hikari.HikariDataSource - HikariPool-1 - Shutdown initiated...
09:19:43.791 [SpringApplicationShutdownHook] INFO  com.zaxxer.hikari.HikariDataSource - HikariPool-1 - Shutdown completed.
09:19:49.214 [background-preinit] INFO  o.h.validator.internal.util.Version - HV000001: Hibernate Validator 8.0.0.Final
09:19:49.256 [main] INFO  com.example.http.HttpApplication - Starting HttpApplication using Java 19.0.2 with PID 28920 (C:\Users\a_djamankeev\IdeaProjects\http — spring sec\target\classes started by a_djamankeev in C:\Users\a_djamankeev\IdeaProjects\http — spring sec)
09:19:49.258 [main] INFO  com.example.http.HttpApplication - No active profile set, falling back to 1 default profile: "default"
09:19:50.402 [main] INFO  o.a.coyote.http11.Http11NioProtocol - Initializing ProtocolHandler ["http-nio-8081"]
09:19:50.402 [main] INFO  o.a.catalina.core.StandardService - Starting service [Tomcat]
09:19:50.402 [main] INFO  o.a.catalina.core.StandardEngine - Starting Servlet engine: [Apache Tomcat/10.1.7]
09:19:50.498 [main] INFO  o.a.c.c.C.[Tomcat].[localhost].[/] - Initializing Spring embedded WebApplicationContext
09:19:50.586 [main] INFO  o.h.jpa.internal.util.LogHelper - HHH000204: Processing PersistenceUnitInfo [name: default]
09:19:50.623 [main] INFO  org.hibernate.Version - HHH000412: Hibernate ORM core version 6.1.7.Final
09:19:50.822 [main] INFO  com.zaxxer.hikari.HikariDataSource - HikariPool-1 - Starting...
09:19:50.986 [main] INFO  com.zaxxer.hikari.pool.HikariPool - HikariPool-1 - Added connection org.postgresql.jdbc.PgConnection@68b7bdcb
09:19:50.987 [main] INFO  com.zaxxer.hikari.HikariDataSource - HikariPool-1 - Start completed.
09:19:51.011 [main] INFO  SQL dialect - HHH000400: Using dialect: org.hibernate.dialect.PostgreSQLDialect
09:19:51.936 [main] INFO  o.h.e.t.j.p.i.JtaPlatformInitiator - HHH000490: Using JtaPlatform implementation: [org.hibernate.engine.transaction.jta.platform.internal.NoJtaPlatform]
09:19:53.107 [main] INFO  o.a.coyote.http11.Http11NioProtocol - Starting ProtocolHandler ["http-nio-8081"]
09:19:53.128 [main] INFO  com.example.http.HttpApplication - Started HttpApplication in 4.166 seconds (process running for 5.088)
09:23:41.302 [http-nio-8081-exec-2] INFO  o.a.c.c.C.[Tomcat].[localhost].[/] - Initializing Spring DispatcherServlet 'dispatcherServlet'
09:23:41.628 [http-nio-8081-exec-2] INFO  c.e.h.service.impl.CheckServiceImpl - CheckServiceImpls -> CheckRequest(currency=KGS, account=1, sender=996555777777, status=null, qid=null, date=2023-06-26, type=2)
09:23:49.365 [http-nio-8081-exec-1] INFO  c.e.http.service.impl.PayServiceImpl - PayServiceImpls -> com.example.http.request.PayRequest@7b18a2ba
09:23:53.369 [http-nio-8081-exec-7] INFO  c.e.http.service.impl.PayServiceImpl - PayServiceImpls -> com.example.http.request.PayRequest@18898421
09:24:10.393 [http-nio-8081-exec-8] INFO  c.e.h.service.impl.CheckServiceImpl - CheckServiceImpls -> CheckRequest(currency=KGS, account=1, sender=996555777777, status=null, qid=null, date=2023-06-26, type=2)
09:24:16.998 [http-nio-8081-exec-5] INFO  c.e.http.service.impl.PayServiceImpl - PayServiceImpls -> com.example.http.request.PayRequest@41ec4b5d
09:24:22.068 [http-nio-8081-exec-6] INFO  c.e.http.service.impl.PayServiceImpl - PayServiceImpls -> com.example.http.request.PayRequest@ceeab35
09:24:23.048 [http-nio-8081-exec-3] INFO  c.e.http.service.impl.PayServiceImpl - PayServiceImpls -> com.example.http.request.PayRequest@40e69aa0
14:04:29.049 [HikariPool-1 housekeeper] WARN  com.zaxxer.hikari.pool.HikariPool - HikariPool-1 - Thread starvation or clock leap detected (housekeeper delta=4m3s449ms966µs400ns).
18:32:19.632 [HikariPool-1 housekeeper] WARN  com.zaxxer.hikari.pool.HikariPool - HikariPool-1 - Thread starvation or clock leap detected (housekeeper delta=45m51s665ms795µs100ns).
21:57:26.651 [SpringApplicationShutdownHook] INFO  com.zaxxer.hikari.HikariDataSource - HikariPool-1 - Shutdown initiated...
21:57:26.658 [SpringApplicationShutdownHook] INFO  com.zaxxer.hikari.HikariDataSource - HikariPool-1 - Shutdown completed.
21:58:09.547 [background-preinit] INFO  o.h.validator.internal.util.Version - HV000001: Hibernate Validator 8.0.0.Final
21:58:09.583 [main] INFO  com.example.http.HttpApplication - Starting HttpApplication using Java 19.0.2 with PID 35948 (C:\Users\a_djamankeev\IdeaProjects\http — spring sec\target\classes started by a_djamankeev in C:\Users\a_djamankeev\IdeaProjects\http — spring sec)
21:58:09.584 [main] INFO  com.example.http.HttpApplication - No active profile set, falling back to 1 default profile: "default"
21:58:11.318 [main] INFO  o.a.coyote.http11.Http11NioProtocol - Initializing ProtocolHandler ["http-nio-8081"]
21:58:11.319 [main] INFO  o.a.catalina.core.StandardService - Starting service [Tomcat]
21:58:11.319 [main] INFO  o.a.catalina.core.StandardEngine - Starting Servlet engine: [Apache Tomcat/10.1.7]
21:58:11.465 [main] INFO  o.a.c.c.C.[Tomcat].[localhost].[/] - Initializing Spring embedded WebApplicationContext
21:58:11.620 [main] INFO  o.h.jpa.internal.util.LogHelper - HHH000204: Processing PersistenceUnitInfo [name: default]
21:58:11.691 [main] INFO  org.hibernate.Version - HHH000412: Hibernate ORM core version 6.1.7.Final
21:58:11.995 [main] INFO  com.zaxxer.hikari.HikariDataSource - HikariPool-1 - Starting...
21:58:12.233 [main] INFO  com.zaxxer.hikari.pool.HikariPool - HikariPool-1 - Added connection org.postgresql.jdbc.PgConnection@542c65d9
21:58:12.235 [main] INFO  com.zaxxer.hikari.HikariDataSource - HikariPool-1 - Start completed.
21:58:12.271 [main] INFO  SQL dialect - HHH000400: Using dialect: org.hibernate.dialect.PostgreSQLDialect
21:58:13.343 [main] INFO  o.h.m.i.EntityInstantiatorPojoStandard - HHH000182: No default (no-argument) constructor for class: com.example.http.entity.Credit (class must be instantiated by Interceptor)
21:58:13.729 [main] INFO  o.h.e.t.j.p.i.JtaPlatformInitiator - HHH000490: Using JtaPlatform implementation: [org.hibernate.engine.transaction.jta.platform.internal.NoJtaPlatform]
21:58:16.020 [main] INFO  o.a.coyote.http11.Http11NioProtocol - Starting ProtocolHandler ["http-nio-8081"]
21:58:16.052 [main] INFO  com.example.http.HttpApplication - Started HttpApplication in 6.85 seconds (process running for 8.536)
21:58:22.820 [SpringApplicationShutdownHook] INFO  com.zaxxer.hikari.HikariDataSource - HikariPool-1 - Shutdown initiated...
21:58:22.824 [SpringApplicationShutdownHook] INFO  com.zaxxer.hikari.HikariDataSource - HikariPool-1 - Shutdown completed.
21:58:29.173 [background-preinit] INFO  o.h.validator.internal.util.Version - HV000001: Hibernate Validator 8.0.0.Final
21:58:29.214 [main] INFO  com.example.http.HttpApplication - Starting HttpApplication using Java 19.0.2 with PID 34780 (C:\Users\a_djamankeev\IdeaProjects\http — spring sec\target\classes started by a_djamankeev in C:\Users\a_djamankeev\IdeaProjects\http — spring sec)
21:58:29.215 [main] INFO  com.example.http.HttpApplication - No active profile set, falling back to 1 default profile: "default"
21:58:30.770 [main] INFO  o.a.coyote.http11.Http11NioProtocol - Initializing ProtocolHandler ["http-nio-8081"]
21:58:30.771 [main] INFO  o.a.catalina.core.StandardService - Starting service [Tomcat]
21:58:30.771 [main] INFO  o.a.catalina.core.StandardEngine - Starting Servlet engine: [Apache Tomcat/10.1.7]
21:58:30.899 [main] INFO  o.a.c.c.C.[Tomcat].[localhost].[/] - Initializing Spring embedded WebApplicationContext
21:58:31.028 [main] INFO  o.h.jpa.internal.util.LogHelper - HHH000204: Processing PersistenceUnitInfo [name: default]
21:58:31.075 [main] INFO  org.hibernate.Version - HHH000412: Hibernate ORM core version 6.1.7.Final
21:58:31.358 [main] INFO  com.zaxxer.hikari.HikariDataSource - HikariPool-1 - Starting...
21:58:31.638 [main] INFO  com.zaxxer.hikari.pool.HikariPool - HikariPool-1 - Added connection org.postgresql.jdbc.PgConnection@6ba060af
21:58:31.640 [main] INFO  com.zaxxer.hikari.HikariDataSource - HikariPool-1 - Start completed.
21:58:31.682 [main] INFO  SQL dialect - HHH000400: Using dialect: org.hibernate.dialect.PostgreSQLDialect
21:58:32.878 [main] INFO  o.h.e.t.j.p.i.JtaPlatformInitiator - HHH000490: Using JtaPlatform implementation: [org.hibernate.engine.transaction.jta.platform.internal.NoJtaPlatform]
21:58:34.755 [main] INFO  o.a.coyote.http11.Http11NioProtocol - Starting ProtocolHandler ["http-nio-8081"]
21:58:34.779 [main] INFO  com.example.http.HttpApplication - Started HttpApplication in 5.977 seconds (process running for 7.143)
21:59:41.546 [http-nio-8081-exec-3] INFO  o.a.c.c.C.[Tomcat].[localhost].[/] - Initializing Spring DispatcherServlet 'dispatcherServlet'
21:59:41.907 [http-nio-8081-exec-3] INFO  c.e.h.a.config.AuthenticationService - Authenticate -> AuthenticationRequest(email=jiji@gmail.com, password=100)
22:00:23.762 [http-nio-8081-exec-2] INFO  c.e.h.service.impl.CreditServiceImpl - CreditServiceImpls -> com.example.http.request.CreditRequest@530ae6bc
22:00:23.771 [http-nio-8081-exec-2] ERROR c.e.h.service.impl.CreditServiceImpl - CreditServiceImpls -> Данные кредита не прошли проверку, измените срок или сумму
22:01:16.699 [SpringApplicationShutdownHook] INFO  com.zaxxer.hikari.HikariDataSource - HikariPool-1 - Shutdown initiated...
22:01:16.705 [SpringApplicationShutdownHook] INFO  com.zaxxer.hikari.HikariDataSource - HikariPool-1 - Shutdown completed.
22:01:22.956 [background-preinit] INFO  o.h.validator.internal.util.Version - HV000001: Hibernate Validator 8.0.0.Final
22:01:22.993 [main] INFO  com.example.http.HttpApplication - Starting HttpApplication using Java 19.0.2 with PID 42152 (C:\Users\a_djamankeev\IdeaProjects\http — spring sec\target\classes started by a_djamankeev in C:\Users\a_djamankeev\IdeaProjects\http — spring sec)
22:01:22.994 [main] INFO  com.example.http.HttpApplication - No active profile set, falling back to 1 default profile: "default"
22:01:24.516 [main] INFO  o.a.coyote.http11.Http11NioProtocol - Initializing ProtocolHandler ["http-nio-8081"]
22:01:24.517 [main] INFO  o.a.catalina.core.StandardService - Starting service [Tomcat]
22:01:24.518 [main] INFO  o.a.catalina.core.StandardEngine - Starting Servlet engine: [Apache Tomcat/10.1.7]
22:01:24.721 [main] INFO  o.a.c.c.C.[Tomcat].[localhost].[/] - Initializing Spring embedded WebApplicationContext
22:01:24.865 [main] INFO  o.h.jpa.internal.util.LogHelper - HHH000204: Processing PersistenceUnitInfo [name: default]
22:01:24.914 [main] INFO  org.hibernate.Version - HHH000412: Hibernate ORM core version 6.1.7.Final
22:01:25.225 [main] INFO  com.zaxxer.hikari.HikariDataSource - HikariPool-1 - Starting...
22:01:25.456 [main] INFO  com.zaxxer.hikari.pool.HikariPool - HikariPool-1 - Added connection org.postgresql.jdbc.PgConnection@726a8729
22:01:25.457 [main] INFO  com.zaxxer.hikari.HikariDataSource - HikariPool-1 - Start completed.
22:01:25.508 [main] INFO  SQL dialect - HHH000400: Using dialect: org.hibernate.dialect.PostgreSQLDialect
22:01:26.651 [main] INFO  o.h.e.t.j.p.i.JtaPlatformInitiator - HHH000490: Using JtaPlatform implementation: [org.hibernate.engine.transaction.jta.platform.internal.NoJtaPlatform]
22:01:28.263 [main] INFO  o.a.coyote.http11.Http11NioProtocol - Starting ProtocolHandler ["http-nio-8081"]
22:01:28.283 [main] INFO  com.example.http.HttpApplication - Started HttpApplication in 5.66 seconds (process running for 6.759)
22:01:33.633 [http-nio-8081-exec-4] INFO  o.a.c.c.C.[Tomcat].[localhost].[/] - Initializing Spring DispatcherServlet 'dispatcherServlet'
22:01:34.120 [http-nio-8081-exec-4] INFO  c.e.h.service.impl.CreditServiceImpl - CreditServiceImpls -> com.example.http.request.CreditRequest@640d8df6
22:01:48.170 [SpringApplicationShutdownHook] INFO  com.zaxxer.hikari.HikariDataSource - HikariPool-1 - Shutdown initiated...
22:01:48.175 [SpringApplicationShutdownHook] INFO  com.zaxxer.hikari.HikariDataSource - HikariPool-1 - Shutdown completed.
