10:15:44.077 [background-preinit] INFO  o.h.validator.internal.util.Version - HV000001: Hibernate Validator 8.0.0.Final
10:15:44.126 [main] INFO  com.example.http.HttpApplication - Starting HttpApplication using Java 19.0.2 with PID 19444 (C:\Users\a_djamankeev\IdeaProjects\http — spring sec\target\classes started by a_djamankeev in C:\Users\a_djamankeev\IdeaProjects\http — spring sec)
10:15:44.126 [main] INFO  com.example.http.HttpApplication - No active profile set, falling back to 1 default profile: "default"
10:15:45.367 [main] INFO  o.a.coyote.http11.Http11NioProtocol - Initializing ProtocolHandler ["http-nio-8081"]
10:15:45.368 [main] INFO  o.a.catalina.core.StandardService - Starting service [Tomcat]
10:15:45.368 [main] INFO  o.a.catalina.core.StandardEngine - Starting Servlet engine: [Apache Tomcat/10.1.7]
10:15:45.456 [main] INFO  o.a.c.c.C.[Tomcat].[localhost].[/] - Initializing Spring embedded WebApplicationContext
10:15:45.553 [main] INFO  o.h.jpa.internal.util.LogHelper - HHH000204: Processing PersistenceUnitInfo [name: default]
10:15:45.609 [main] INFO  org.hibernate.Version - HHH000412: Hibernate ORM core version 6.1.7.Final
10:15:45.865 [main] INFO  com.zaxxer.hikari.HikariDataSource - HikariPool-1 - Starting...
10:15:46.055 [main] INFO  com.zaxxer.hikari.pool.HikariPool - HikariPool-1 - Added connection org.postgresql.jdbc.PgConnection@63a7781
10:15:46.056 [main] INFO  com.zaxxer.hikari.HikariDataSource - HikariPool-1 - Start completed.
10:15:46.102 [main] INFO  SQL dialect - HHH000400: Using dialect: org.hibernate.dialect.PostgreSQLDialect
10:15:47.243 [main] INFO  o.h.e.t.j.p.i.JtaPlatformInitiator - HHH000490: Using JtaPlatform implementation: [org.hibernate.engine.transaction.jta.platform.internal.NoJtaPlatform]
10:15:48.532 [main] INFO  o.a.coyote.http11.Http11NioProtocol - Starting ProtocolHandler ["http-nio-8081"]
10:15:48.550 [main] INFO  com.example.http.HttpApplication - Started HttpApplication in 4.744 seconds (process running for 5.865)
10:15:58.600 [http-nio-8081-exec-1] INFO  o.a.c.c.C.[Tomcat].[localhost].[/] - Initializing Spring DispatcherServlet 'dispatcherServlet'
10:15:58.697 [http-nio-8081-exec-1] INFO  c.e.h.a.config.AuthenticationService - Authenticate -> AuthenticationRequest(email=jiji@gmail.com, password=100)
10:19:32.259 [SpringApplicationShutdownHook] INFO  com.zaxxer.hikari.HikariDataSource - HikariPool-1 - Shutdown initiated...
10:19:32.263 [SpringApplicationShutdownHook] INFO  com.zaxxer.hikari.HikariDataSource - HikariPool-1 - Shutdown completed.
10:19:37.038 [background-preinit] INFO  o.h.validator.internal.util.Version - HV000001: Hibernate Validator 8.0.0.Final
10:19:37.078 [main] INFO  com.example.http.HttpApplication - Starting HttpApplication using Java 19.0.2 with PID 996 (C:\Users\a_djamankeev\IdeaProjects\http — spring sec\target\classes started by a_djamankeev in C:\Users\a_djamankeev\IdeaProjects\http — spring sec)
10:19:37.079 [main] INFO  com.example.http.HttpApplication - No active profile set, falling back to 1 default profile: "default"
10:19:38.284 [main] INFO  o.a.coyote.http11.Http11NioProtocol - Initializing ProtocolHandler ["http-nio-8081"]
10:19:38.285 [main] INFO  o.a.catalina.core.StandardService - Starting service [Tomcat]
10:19:38.285 [main] INFO  o.a.catalina.core.StandardEngine - Starting Servlet engine: [Apache Tomcat/10.1.7]
10:19:38.414 [main] INFO  o.a.c.c.C.[Tomcat].[localhost].[/] - Initializing Spring embedded WebApplicationContext
10:19:38.549 [main] INFO  o.h.jpa.internal.util.LogHelper - HHH000204: Processing PersistenceUnitInfo [name: default]
10:19:38.592 [main] INFO  org.hibernate.Version - HHH000412: Hibernate ORM core version 6.1.7.Final
10:19:38.803 [main] INFO  com.zaxxer.hikari.HikariDataSource - HikariPool-1 - Starting...
10:19:38.964 [main] INFO  com.zaxxer.hikari.pool.HikariPool - HikariPool-1 - Added connection org.postgresql.jdbc.PgConnection@7530090a
10:19:38.967 [main] INFO  com.zaxxer.hikari.HikariDataSource - HikariPool-1 - Start completed.
10:19:38.993 [main] INFO  SQL dialect - HHH000400: Using dialect: org.hibernate.dialect.PostgreSQLDialect
10:19:39.885 [main] INFO  o.h.e.t.j.p.i.JtaPlatformInitiator - HHH000490: Using JtaPlatform implementation: [org.hibernate.engine.transaction.jta.platform.internal.NoJtaPlatform]
10:19:41.100 [main] INFO  o.a.coyote.http11.Http11NioProtocol - Starting ProtocolHandler ["http-nio-8081"]
10:19:41.118 [main] INFO  com.example.http.HttpApplication - Started HttpApplication in 4.322 seconds (process running for 5.202)
10:19:44.375 [http-nio-8081-exec-2] INFO  o.a.c.c.C.[Tomcat].[localhost].[/] - Initializing Spring DispatcherServlet 'dispatcherServlet'
10:49:46.630 [SpringApplicationShutdownHook] INFO  com.zaxxer.hikari.HikariDataSource - HikariPool-1 - Shutdown initiated...
10:49:46.637 [SpringApplicationShutdownHook] INFO  com.zaxxer.hikari.HikariDataSource - HikariPool-1 - Shutdown completed.
10:49:52.260 [background-preinit] INFO  o.h.validator.internal.util.Version - HV000001: Hibernate Validator 8.0.0.Final
10:49:52.315 [main] INFO  com.example.http.HttpApplication - Starting HttpApplication using Java 19.0.2 with PID 20396 (C:\Users\a_djamankeev\IdeaProjects\http — spring sec\target\classes started by a_djamankeev in C:\Users\a_djamankeev\IdeaProjects\http — spring sec)
10:49:52.316 [main] INFO  com.example.http.HttpApplication - No active profile set, falling back to 1 default profile: "default"
10:49:53.573 [main] INFO  o.a.coyote.http11.Http11NioProtocol - Initializing ProtocolHandler ["http-nio-8081"]
10:49:53.574 [main] INFO  o.a.catalina.core.StandardService - Starting service [Tomcat]
10:49:53.574 [main] INFO  o.a.catalina.core.StandardEngine - Starting Servlet engine: [Apache Tomcat/10.1.7]
10:49:53.657 [main] INFO  o.a.c.c.C.[Tomcat].[localhost].[/] - Initializing Spring embedded WebApplicationContext
10:49:53.747 [main] INFO  o.h.jpa.internal.util.LogHelper - HHH000204: Processing PersistenceUnitInfo [name: default]
10:49:53.785 [main] INFO  org.hibernate.Version - HHH000412: Hibernate ORM core version 6.1.7.Final
10:49:53.997 [main] INFO  com.zaxxer.hikari.HikariDataSource - HikariPool-1 - Starting...
10:49:54.168 [main] INFO  com.zaxxer.hikari.pool.HikariPool - HikariPool-1 - Added connection org.postgresql.jdbc.PgConnection@4492b393
10:49:54.169 [main] INFO  com.zaxxer.hikari.HikariDataSource - HikariPool-1 - Start completed.
10:49:54.194 [main] INFO  SQL dialect - HHH000400: Using dialect: org.hibernate.dialect.PostgreSQLDialect
10:49:55.087 [main] INFO  o.h.e.t.j.p.i.JtaPlatformInitiator - HHH000490: Using JtaPlatform implementation: [org.hibernate.engine.transaction.jta.platform.internal.NoJtaPlatform]
10:49:56.352 [main] INFO  o.a.coyote.http11.Http11NioProtocol - Starting ProtocolHandler ["http-nio-8081"]
10:49:56.370 [main] INFO  com.example.http.HttpApplication - Started HttpApplication in 4.41 seconds (process running for 5.625)
11:06:06.153 [background-preinit] INFO  o.h.validator.internal.util.Version - HV000001: Hibernate Validator 8.0.0.Final
11:06:06.190 [main] INFO  com.example.http.HttpApplication - Starting HttpApplication using Java 19.0.2 with PID 18692 (C:\Users\a_djamankeev\IdeaProjects\http — spring sec\target\classes started by a_djamankeev in C:\Users\a_djamankeev\IdeaProjects\http — spring sec)
11:06:06.190 [main] INFO  com.example.http.HttpApplication - No active profile set, falling back to 1 default profile: "default"
11:06:07.557 [main] INFO  o.a.coyote.http11.Http11NioProtocol - Initializing ProtocolHandler ["http-nio-8081"]
11:06:07.558 [main] INFO  o.a.catalina.core.StandardService - Starting service [Tomcat]
11:06:07.558 [main] INFO  o.a.catalina.core.StandardEngine - Starting Servlet engine: [Apache Tomcat/10.1.7]
11:06:07.724 [main] INFO  o.a.c.c.C.[Tomcat].[localhost].[/] - Initializing Spring embedded WebApplicationContext
11:06:07.861 [main] INFO  o.h.jpa.internal.util.LogHelper - HHH000204: Processing PersistenceUnitInfo [name: default]
11:06:07.968 [main] INFO  org.hibernate.Version - HHH000412: Hibernate ORM core version 6.1.7.Final
11:06:08.323 [main] INFO  com.zaxxer.hikari.HikariDataSource - HikariPool-1 - Starting...
11:06:08.608 [main] INFO  com.zaxxer.hikari.pool.HikariPool - HikariPool-1 - Added connection org.postgresql.jdbc.PgConnection@4b691611
11:06:08.609 [main] INFO  com.zaxxer.hikari.HikariDataSource - HikariPool-1 - Start completed.
11:06:08.672 [main] INFO  SQL dialect - HHH000400: Using dialect: org.hibernate.dialect.PostgreSQLDialect
11:06:10.003 [main] INFO  o.h.e.t.j.p.i.JtaPlatformInitiator - HHH000490: Using JtaPlatform implementation: [org.hibernate.engine.transaction.jta.platform.internal.NoJtaPlatform]
11:06:11.693 [main] INFO  o.a.coyote.http11.Http11NioProtocol - Starting ProtocolHandler ["http-nio-8081"]
11:06:11.718 [main] INFO  com.example.http.HttpApplication - Started HttpApplication in 5.814 seconds (process running for 12.704)
11:06:29.614 [http-nio-8081-exec-3] INFO  o.a.c.c.C.[Tomcat].[localhost].[/] - Initializing Spring DispatcherServlet 'dispatcherServlet'
11:06:29.717 [http-nio-8081-exec-3] INFO  c.e.h.a.config.AuthenticationService - Authenticate -> AuthenticationRequest(email=jiji@gmail.com, password=100)
11:49:34.648 [SpringApplicationShutdownHook] INFO  com.zaxxer.hikari.HikariDataSource - HikariPool-1 - Shutdown initiated...
11:49:34.653 [SpringApplicationShutdownHook] INFO  com.zaxxer.hikari.HikariDataSource - HikariPool-1 - Shutdown completed.
11:50:07.557 [background-preinit] INFO  o.h.validator.internal.util.Version - HV000001: Hibernate Validator 8.0.0.Final
11:50:07.597 [main] INFO  com.example.http.HttpApplication - Starting HttpApplication using Java 19.0.2 with PID 10460 (C:\Users\a_djamankeev\IdeaProjects\http — spring sec\target\classes started by a_djamankeev in C:\Users\a_djamankeev\IdeaProjects\http — spring sec)
11:50:07.598 [main] INFO  com.example.http.HttpApplication - No active profile set, falling back to 1 default profile: "default"
11:50:09.028 [main] INFO  o.a.coyote.http11.Http11NioProtocol - Initializing ProtocolHandler ["http-nio-8081"]
11:50:09.029 [main] INFO  o.a.catalina.core.StandardService - Starting service [Tomcat]
11:50:09.029 [main] INFO  o.a.catalina.core.StandardEngine - Starting Servlet engine: [Apache Tomcat/10.1.7]
11:50:09.165 [main] INFO  o.a.c.c.C.[Tomcat].[localhost].[/] - Initializing Spring embedded WebApplicationContext
11:50:09.280 [main] INFO  o.h.jpa.internal.util.LogHelper - HHH000204: Processing PersistenceUnitInfo [name: default]
11:50:09.323 [main] INFO  org.hibernate.Version - HHH000412: Hibernate ORM core version 6.1.7.Final
11:50:09.640 [main] INFO  com.zaxxer.hikari.HikariDataSource - HikariPool-1 - Starting...
11:50:09.868 [main] INFO  com.zaxxer.hikari.pool.HikariPool - HikariPool-1 - Added connection org.postgresql.jdbc.PgConnection@16b64a03
11:50:09.869 [main] INFO  com.zaxxer.hikari.HikariDataSource - HikariPool-1 - Start completed.
11:50:09.902 [main] INFO  SQL dialect - HHH000400: Using dialect: org.hibernate.dialect.PostgreSQLDialect
11:50:11.252 [main] INFO  o.h.e.t.j.p.i.JtaPlatformInitiator - HHH000490: Using JtaPlatform implementation: [org.hibernate.engine.transaction.jta.platform.internal.NoJtaPlatform]
11:50:13.432 [main] INFO  o.a.coyote.http11.Http11NioProtocol - Starting ProtocolHandler ["http-nio-8081"]
11:50:13.453 [main] INFO  com.example.http.HttpApplication - Started HttpApplication in 6.192 seconds (process running for 7.397)
11:50:20.694 [http-nio-8081-exec-3] INFO  o.a.c.c.C.[Tomcat].[localhost].[/] - Initializing Spring DispatcherServlet 'dispatcherServlet'
11:50:20.786 [http-nio-8081-exec-3] INFO  c.e.h.a.config.AuthenticationService - Authenticate -> AuthenticationRequest(email=jiji@gmail.com, password=100)
11:50:28.850 [http-nio-8081-exec-4] ERROR o.a.c.c.C.[.[.[.[dispatcherServlet] - Servlet.service() for servlet [dispatcherServlet] in context with path [] threw exception [Request processing failed: java.lang.ClassCastException: class com.example.http.request.CheckRequest cannot be cast to class javax.xml.stream.XMLStreamReader (com.example.http.request.CheckRequest is in unnamed module of loader 'app'; javax.xml.stream.XMLStreamReader is in module java.xml of loader 'bootstrap')] with root cause
java.lang.ClassCastException: class com.example.http.request.CheckRequest cannot be cast to class javax.xml.stream.XMLStreamReader (com.example.http.request.CheckRequest is in unnamed module of loader 'app'; javax.xml.stream.XMLStreamReader is in module java.xml of loader 'bootstrap')
	at com.example.http.service.impl.CheckServiceImpl.checkPayment(CheckServiceImpl.java:72)
	at com.example.http.controller.Controller.sendCheck(Controller.java:27)
	at java.base/jdk.internal.reflect.DirectMethodHandleAccessor.invoke(DirectMethodHandleAccessor.java:104)
	at java.base/java.lang.reflect.Method.invoke(Method.java:578)
	at org.springframework.web.method.support.InvocableHandlerMethod.doInvoke(InvocableHandlerMethod.java:207)
	at org.springframework.web.method.support.InvocableHandlerMethod.invokeForRequest(InvocableHandlerMethod.java:152)
	at org.springframework.web.servlet.mvc.method.annotation.ServletInvocableHandlerMethod.invokeAndHandle(ServletInvocableHandlerMethod.java:118)
	at org.springframework.web.servlet.mvc.method.annotation.RequestMappingHandlerAdapter.invokeHandlerMethod(RequestMappingHandlerAdapter.java:884)
	at org.springframework.web.servlet.mvc.method.annotation.RequestMappingHandlerAdapter.handleInternal(RequestMappingHandlerAdapter.java:797)
	at org.springframework.web.servlet.mvc.method.AbstractHandlerMethodAdapter.handle(AbstractHandlerMethodAdapter.java:87)
	at org.springframework.web.servlet.DispatcherServlet.doDispatch(DispatcherServlet.java:1081)
	at org.springframework.web.servlet.DispatcherServlet.doService(DispatcherServlet.java:974)
	at org.springframework.web.servlet.FrameworkServlet.processRequest(FrameworkServlet.java:1011)
	at org.springframework.web.servlet.FrameworkServlet.doPost(FrameworkServlet.java:914)
	at jakarta.servlet.http.HttpServlet.service(HttpServlet.java:563)
	at org.springframework.web.servlet.FrameworkServlet.service(FrameworkServlet.java:885)
	at jakarta.servlet.http.HttpServlet.service(HttpServlet.java:631)
	at org.apache.catalina.core.ApplicationFilterChain.internalDoFilter(ApplicationFilterChain.java:205)
	at org.apache.catalina.core.ApplicationFilterChain.doFilter(ApplicationFilterChain.java:149)
	at org.apache.tomcat.websocket.server.WsFilter.doFilter(WsFilter.java:53)
	at org.apache.catalina.core.ApplicationFilterChain.internalDoFilter(ApplicationFilterChain.java:174)
	at org.apache.catalina.core.ApplicationFilterChain.doFilter(ApplicationFilterChain.java:149)
	at org.springframework.web.filter.OncePerRequestFilter.doFilter(OncePerRequestFilter.java:110)
	at org.apache.catalina.core.ApplicationFilterChain.internalDoFilter(ApplicationFilterChain.java:174)
	at org.apache.catalina.core.ApplicationFilterChain.doFilter(ApplicationFilterChain.java:149)
	at org.springframework.security.web.FilterChainProxy.lambda$doFilterInternal$3(FilterChainProxy.java:231)
	at org.springframework.security.web.FilterChainProxy$VirtualFilterChain.doFilter(FilterChainProxy.java:365)
	at org.springframework.security.web.access.intercept.AuthorizationFilter.doFilter(AuthorizationFilter.java:100)
	at org.springframework.security.web.FilterChainProxy$VirtualFilterChain.doFilter(FilterChainProxy.java:374)
	at org.springframework.security.web.access.ExceptionTranslationFilter.doFilter(ExceptionTranslationFilter.java:126)
	at org.springframework.security.web.access.ExceptionTranslationFilter.doFilter(ExceptionTranslationFilter.java:120)
	at org.springframework.security.web.FilterChainProxy$VirtualFilterChain.doFilter(FilterChainProxy.java:374)
	at org.springframework.security.web.session.SessionManagementFilter.doFilter(SessionManagementFilter.java:131)
	at org.springframework.security.web.session.SessionManagementFilter.doFilter(SessionManagementFilter.java:85)
	at org.springframework.security.web.FilterChainProxy$VirtualFilterChain.doFilter(FilterChainProxy.java:374)
	at org.springframework.security.web.authentication.AnonymousAuthenticationFilter.doFilter(AnonymousAuthenticationFilter.java:100)
	at org.springframework.security.web.FilterChainProxy$VirtualFilterChain.doFilter(FilterChainProxy.java:374)
	at org.springframework.security.web.servletapi.SecurityContextHolderAwareRequestFilter.doFilter(SecurityContextHolderAwareRequestFilter.java:179)
	at org.springframework.security.web.FilterChainProxy$VirtualFilterChain.doFilter(FilterChainProxy.java:374)
	at org.springframework.security.web.savedrequest.RequestCacheAwareFilter.doFilter(RequestCacheAwareFilter.java:63)
	at org.springframework.security.web.FilterChainProxy$VirtualFilterChain.doFilter(FilterChainProxy.java:374)
	at com.example.http.auth.config.JwtAuthenticationFilter.doFilterInternal(JwtAuthenticationFilter.java:52)
	at org.springframework.web.filter.OncePerRequestFilter.doFilter(OncePerRequestFilter.java:116)
	at org.springframework.security.web.FilterChainProxy$VirtualFilterChain.doFilter(FilterChainProxy.java:374)
	at org.springframework.security.web.authentication.logout.LogoutFilter.doFilter(LogoutFilter.java:107)
	at org.springframework.security.web.authentication.logout.LogoutFilter.doFilter(LogoutFilter.java:93)
	at org.springframework.security.web.FilterChainProxy$VirtualFilterChain.doFilter(FilterChainProxy.java:374)
	at org.springframework.security.web.header.HeaderWriterFilter.doHeadersAfter(HeaderWriterFilter.java:90)
	at org.springframework.security.web.header.HeaderWriterFilter.doFilterInternal(HeaderWriterFilter.java:75)
	at org.springframework.web.filter.OncePerRequestFilter.doFilter(OncePerRequestFilter.java:116)
	at org.springframework.security.web.FilterChainProxy$VirtualFilterChain.doFilter(FilterChainProxy.java:374)
	at org.springframework.security.web.context.SecurityContextHolderFilter.doFilter(SecurityContextHolderFilter.java:82)
	at org.springframework.security.web.context.SecurityContextHolderFilter.doFilter(SecurityContextHolderFilter.java:69)
	at org.springframework.security.web.FilterChainProxy$VirtualFilterChain.doFilter(FilterChainProxy.java:374)
	at org.springframework.security.web.context.request.async.WebAsyncManagerIntegrationFilter.doFilterInternal(WebAsyncManagerIntegrationFilter.java:62)
	at org.springframework.web.filter.OncePerRequestFilter.doFilter(OncePerRequestFilter.java:116)
	at org.springframework.security.web.FilterChainProxy$VirtualFilterChain.doFilter(FilterChainProxy.java:374)
	at org.springframework.security.web.session.DisableEncodeUrlFilter.doFilterInternal(DisableEncodeUrlFilter.java:42)
	at org.springframework.web.filter.OncePerRequestFilter.doFilter(OncePerRequestFilter.java:116)
	at org.springframework.security.web.FilterChainProxy$VirtualFilterChain.doFilter(FilterChainProxy.java:374)
	at org.springframework.security.web.FilterChainProxy.doFilterInternal(FilterChainProxy.java:233)
	at org.springframework.security.web.FilterChainProxy.doFilter(FilterChainProxy.java:191)
	at org.springframework.web.filter.DelegatingFilterProxy.invokeDelegate(DelegatingFilterProxy.java:352)
	at org.springframework.web.filter.DelegatingFilterProxy.doFilter(DelegatingFilterProxy.java:268)
	at org.apache.catalina.core.ApplicationFilterChain.internalDoFilter(ApplicationFilterChain.java:174)
	at org.apache.catalina.core.ApplicationFilterChain.doFilter(ApplicationFilterChain.java:149)
	at org.springframework.web.filter.RequestContextFilter.doFilterInternal(RequestContextFilter.java:100)
	at org.springframework.web.filter.OncePerRequestFilter.doFilter(OncePerRequestFilter.java:116)
	at org.apache.catalina.core.ApplicationFilterChain.internalDoFilter(ApplicationFilterChain.java:174)
	at org.apache.catalina.core.ApplicationFilterChain.doFilter(ApplicationFilterChain.java:149)
	at org.springframework.web.filter.FormContentFilter.doFilterInternal(FormContentFilter.java:93)
	at org.springframework.web.filter.OncePerRequestFilter.doFilter(OncePerRequestFilter.java:116)
	at org.apache.catalina.core.ApplicationFilterChain.internalDoFilter(ApplicationFilterChain.java:174)
	at org.apache.catalina.core.ApplicationFilterChain.doFilter(ApplicationFilterChain.java:149)
	at org.springframework.web.filter.CharacterEncodingFilter.doFilterInternal(CharacterEncodingFilter.java:201)
	at org.springframework.web.filter.OncePerRequestFilter.doFilter(OncePerRequestFilter.java:116)
	at org.apache.catalina.core.ApplicationFilterChain.internalDoFilter(ApplicationFilterChain.java:174)
	at org.apache.catalina.core.ApplicationFilterChain.doFilter(ApplicationFilterChain.java:149)
	at org.apache.catalina.core.StandardWrapperValve.invoke(StandardWrapperValve.java:166)
	at org.apache.catalina.core.StandardContextValve.invoke(StandardContextValve.java:90)
	at org.apache.catalina.authenticator.AuthenticatorBase.invoke(AuthenticatorBase.java:493)
	at org.apache.catalina.core.StandardHostValve.invoke(StandardHostValve.java:115)
	at org.apache.catalina.valves.ErrorReportValve.invoke(ErrorReportValve.java:93)
	at org.apache.catalina.core.StandardEngineValve.invoke(StandardEngineValve.java:74)
	at org.apache.catalina.connector.CoyoteAdapter.service(CoyoteAdapter.java:341)
	at org.apache.coyote.http11.Http11Processor.service(Http11Processor.java:390)
	at org.apache.coyote.AbstractProcessorLight.process(AbstractProcessorLight.java:63)
	at org.apache.coyote.AbstractProtocol$ConnectionHandler.process(AbstractProtocol.java:894)
	at org.apache.tomcat.util.net.NioEndpoint$SocketProcessor.doRun(NioEndpoint.java:1741)
	at org.apache.tomcat.util.net.SocketProcessorBase.run(SocketProcessorBase.java:52)
	at org.apache.tomcat.util.threads.ThreadPoolExecutor.runWorker(ThreadPoolExecutor.java:1191)
	at org.apache.tomcat.util.threads.ThreadPoolExecutor$Worker.run(ThreadPoolExecutor.java:659)
	at org.apache.tomcat.util.threads.TaskThread$WrappingRunnable.run(TaskThread.java:61)
	at java.base/java.lang.Thread.run(Thread.java:1589)
11:57:36.627 [SpringApplicationShutdownHook] INFO  com.zaxxer.hikari.HikariDataSource - HikariPool-1 - Shutdown initiated...
11:57:36.630 [SpringApplicationShutdownHook] INFO  com.zaxxer.hikari.HikariDataSource - HikariPool-1 - Shutdown completed.
11:57:41.615 [background-preinit] INFO  o.h.validator.internal.util.Version - HV000001: Hibernate Validator 8.0.0.Final
11:57:41.651 [main] INFO  com.example.http.HttpApplication - Starting HttpApplication using Java 19.0.2 with PID 13192 (C:\Users\a_djamankeev\IdeaProjects\http — spring sec\target\classes started by a_djamankeev in C:\Users\a_djamankeev\IdeaProjects\http — spring sec)
11:57:41.651 [main] INFO  com.example.http.HttpApplication - No active profile set, falling back to 1 default profile: "default"
11:57:42.797 [main] INFO  o.a.coyote.http11.Http11NioProtocol - Initializing ProtocolHandler ["http-nio-8081"]
11:57:42.797 [main] INFO  o.a.catalina.core.StandardService - Starting service [Tomcat]
11:57:42.798 [main] INFO  o.a.catalina.core.StandardEngine - Starting Servlet engine: [Apache Tomcat/10.1.7]
11:57:42.885 [main] INFO  o.a.c.c.C.[Tomcat].[localhost].[/] - Initializing Spring embedded WebApplicationContext
11:57:42.982 [main] INFO  o.h.jpa.internal.util.LogHelper - HHH000204: Processing PersistenceUnitInfo [name: default]
11:57:43.021 [main] INFO  org.hibernate.Version - HHH000412: Hibernate ORM core version 6.1.7.Final
11:57:43.223 [main] INFO  com.zaxxer.hikari.HikariDataSource - HikariPool-1 - Starting...
11:57:43.391 [main] INFO  com.zaxxer.hikari.pool.HikariPool - HikariPool-1 - Added connection org.postgresql.jdbc.PgConnection@2b395581
11:57:43.393 [main] INFO  com.zaxxer.hikari.HikariDataSource - HikariPool-1 - Start completed.
11:57:43.418 [main] INFO  SQL dialect - HHH000400: Using dialect: org.hibernate.dialect.PostgreSQLDialect
11:57:44.305 [main] INFO  o.h.e.t.j.p.i.JtaPlatformInitiator - HHH000490: Using JtaPlatform implementation: [org.hibernate.engine.transaction.jta.platform.internal.NoJtaPlatform]
11:57:45.492 [main] INFO  o.a.coyote.http11.Http11NioProtocol - Starting ProtocolHandler ["http-nio-8081"]
11:57:45.509 [main] INFO  com.example.http.HttpApplication - Started HttpApplication in 4.127 seconds (process running for 4.983)
11:57:48.479 [http-nio-8081-exec-3] INFO  o.a.c.c.C.[Tomcat].[localhost].[/] - Initializing Spring DispatcherServlet 'dispatcherServlet'
12:46:54.589 [HikariPool-1 housekeeper] WARN  com.zaxxer.hikari.pool.HikariPool - HikariPool-1 - Thread starvation or clock leap detected (housekeeper delta=5m10s331ms830µs400ns).
12:48:23.297 [HikariPool-1 housekeeper] WARN  com.zaxxer.hikari.pool.HikariPool - HikariPool-1 - Thread starvation or clock leap detected (housekeeper delta=1m28s708ms271µs300ns).
12:49:36.370 [HikariPool-1 housekeeper] WARN  com.zaxxer.hikari.pool.HikariPool - HikariPool-1 - Thread starvation or clock leap detected (housekeeper delta=1m13s73ms24µs600ns).
13:30:08.629 [SpringApplicationShutdownHook] INFO  com.zaxxer.hikari.HikariDataSource - HikariPool-1 - Shutdown initiated...
13:30:08.632 [SpringApplicationShutdownHook] INFO  com.zaxxer.hikari.HikariDataSource - HikariPool-1 - Shutdown completed.
13:30:14.273 [background-preinit] INFO  o.h.validator.internal.util.Version - HV000001: Hibernate Validator 8.0.0.Final
13:30:14.309 [main] INFO  com.example.http.HttpApplication - Starting HttpApplication using Java 19.0.2 with PID 13152 (C:\Users\a_djamankeev\IdeaProjects\http — spring sec\target\classes started by a_djamankeev in C:\Users\a_djamankeev\IdeaProjects\http — spring sec)
13:30:14.310 [main] INFO  com.example.http.HttpApplication - No active profile set, falling back to 1 default profile: "default"
13:30:15.580 [main] INFO  o.a.coyote.http11.Http11NioProtocol - Initializing ProtocolHandler ["http-nio-8081"]
13:30:15.581 [main] INFO  o.a.catalina.core.StandardService - Starting service [Tomcat]
13:30:15.581 [main] INFO  o.a.catalina.core.StandardEngine - Starting Servlet engine: [Apache Tomcat/10.1.7]
13:30:15.681 [main] INFO  o.a.c.c.C.[Tomcat].[localhost].[/] - Initializing Spring embedded WebApplicationContext
13:30:15.830 [main] INFO  o.h.jpa.internal.util.LogHelper - HHH000204: Processing PersistenceUnitInfo [name: default]
13:30:15.892 [main] INFO  org.hibernate.Version - HHH000412: Hibernate ORM core version 6.1.7.Final
13:30:16.136 [main] INFO  com.zaxxer.hikari.HikariDataSource - HikariPool-1 - Starting...
13:30:16.321 [main] INFO  com.zaxxer.hikari.pool.HikariPool - HikariPool-1 - Added connection org.postgresql.jdbc.PgConnection@374b6e33
13:30:16.322 [main] INFO  com.zaxxer.hikari.HikariDataSource - HikariPool-1 - Start completed.
13:30:16.347 [main] INFO  SQL dialect - HHH000400: Using dialect: org.hibernate.dialect.PostgreSQLDialect
13:30:17.385 [main] INFO  o.h.e.t.j.p.i.JtaPlatformInitiator - HHH000490: Using JtaPlatform implementation: [org.hibernate.engine.transaction.jta.platform.internal.NoJtaPlatform]
13:30:18.573 [main] INFO  o.a.coyote.http11.Http11NioProtocol - Starting ProtocolHandler ["http-nio-8081"]
13:30:18.589 [main] INFO  com.example.http.HttpApplication - Started HttpApplication in 4.568 seconds (process running for 5.893)
13:30:22.016 [http-nio-8081-exec-1] INFO  o.a.c.c.C.[Tomcat].[localhost].[/] - Initializing Spring DispatcherServlet 'dispatcherServlet'
13:30:22.118 [http-nio-8081-exec-1] INFO  c.e.h.a.config.AuthenticationService - Authenticate -> AuthenticationRequest(email=jiji@gmail.com, password=100)
13:30:35.635 [http-nio-8081-exec-2] INFO  c.e.h.service.impl.CheckServiceImpl - CheckServiceImpls -> CheckRequest(currency=KGS, account=996559112301, sender=996559112301, status=null, qid=null, date=2023-06-26)
13:45:19.404 [SpringApplicationShutdownHook] INFO  com.zaxxer.hikari.HikariDataSource - HikariPool-1 - Shutdown initiated...
13:45:19.409 [SpringApplicationShutdownHook] INFO  com.zaxxer.hikari.HikariDataSource - HikariPool-1 - Shutdown completed.
13:45:31.946 [background-preinit] INFO  o.h.validator.internal.util.Version - HV000001: Hibernate Validator 8.0.0.Final
13:45:31.978 [main] INFO  com.example.http.HttpApplication - Starting HttpApplication using Java 19.0.2 with PID 3884 (C:\Users\a_djamankeev\IdeaProjects\http — spring sec\target\classes started by a_djamankeev in C:\Users\a_djamankeev\IdeaProjects\http — spring sec)
13:45:31.979 [main] INFO  com.example.http.HttpApplication - No active profile set, falling back to 1 default profile: "default"
13:45:33.090 [main] INFO  o.a.coyote.http11.Http11NioProtocol - Initializing ProtocolHandler ["http-nio-8081"]
13:45:33.091 [main] INFO  o.a.catalina.core.StandardService - Starting service [Tomcat]
13:45:33.091 [main] INFO  o.a.catalina.core.StandardEngine - Starting Servlet engine: [Apache Tomcat/10.1.7]
13:45:33.178 [main] INFO  o.a.c.c.C.[Tomcat].[localhost].[/] - Initializing Spring embedded WebApplicationContext
13:45:33.269 [main] INFO  o.h.jpa.internal.util.LogHelper - HHH000204: Processing PersistenceUnitInfo [name: default]
13:45:33.305 [main] INFO  org.hibernate.Version - HHH000412: Hibernate ORM core version 6.1.7.Final
13:45:33.508 [main] INFO  com.zaxxer.hikari.HikariDataSource - HikariPool-1 - Starting...
13:45:33.676 [main] INFO  com.zaxxer.hikari.pool.HikariPool - HikariPool-1 - Added connection org.postgresql.jdbc.PgConnection@2b395581
13:45:33.677 [main] INFO  com.zaxxer.hikari.HikariDataSource - HikariPool-1 - Start completed.
13:45:33.702 [main] INFO  SQL dialect - HHH000400: Using dialect: org.hibernate.dialect.PostgreSQLDialect
13:45:34.588 [main] INFO  o.h.e.t.j.p.i.JtaPlatformInitiator - HHH000490: Using JtaPlatform implementation: [org.hibernate.engine.transaction.jta.platform.internal.NoJtaPlatform]
13:45:35.729 [main] INFO  o.a.coyote.http11.Http11NioProtocol - Starting ProtocolHandler ["http-nio-8081"]
13:45:35.745 [main] INFO  com.example.http.HttpApplication - Started HttpApplication in 4.037 seconds (process running for 5.106)
13:46:04.471 [http-nio-8081-exec-4] INFO  o.a.c.c.C.[Tomcat].[localhost].[/] - Initializing Spring DispatcherServlet 'dispatcherServlet'
13:46:04.752 [http-nio-8081-exec-4] INFO  c.e.h.service.impl.CheckServiceImpl - CheckServiceImpls -> CheckRequest(currency=KGS, account=996559112301, sender=996559112301, status=null, qid=null, date=2023-06-26)
13:47:26.286 [SpringApplicationShutdownHook] INFO  com.zaxxer.hikari.HikariDataSource - HikariPool-1 - Shutdown initiated...
13:47:26.290 [SpringApplicationShutdownHook] INFO  com.zaxxer.hikari.HikariDataSource - HikariPool-1 - Shutdown completed.
13:47:31.001 [background-preinit] INFO  o.h.validator.internal.util.Version - HV000001: Hibernate Validator 8.0.0.Final
13:47:31.035 [main] INFO  com.example.http.HttpApplication - Starting HttpApplication using Java 19.0.2 with PID 11920 (C:\Users\a_djamankeev\IdeaProjects\http — spring sec\target\classes started by a_djamankeev in C:\Users\a_djamankeev\IdeaProjects\http — spring sec)
13:47:31.035 [main] INFO  com.example.http.HttpApplication - No active profile set, falling back to 1 default profile: "default"
13:47:32.200 [main] INFO  o.a.coyote.http11.Http11NioProtocol - Initializing ProtocolHandler ["http-nio-8081"]
13:47:32.201 [main] INFO  o.a.catalina.core.StandardService - Starting service [Tomcat]
13:47:32.201 [main] INFO  o.a.catalina.core.StandardEngine - Starting Servlet engine: [Apache Tomcat/10.1.7]
13:47:32.294 [main] INFO  o.a.c.c.C.[Tomcat].[localhost].[/] - Initializing Spring embedded WebApplicationContext
13:47:32.388 [main] INFO  o.h.jpa.internal.util.LogHelper - HHH000204: Processing PersistenceUnitInfo [name: default]
13:47:32.432 [main] INFO  org.hibernate.Version - HHH000412: Hibernate ORM core version 6.1.7.Final
13:47:32.646 [main] INFO  com.zaxxer.hikari.HikariDataSource - HikariPool-1 - Starting...
13:47:32.813 [main] INFO  com.zaxxer.hikari.pool.HikariPool - HikariPool-1 - Added connection org.postgresql.jdbc.PgConnection@2b395581
13:47:32.816 [main] INFO  com.zaxxer.hikari.HikariDataSource - HikariPool-1 - Start completed.
13:47:32.839 [main] INFO  SQL dialect - HHH000400: Using dialect: org.hibernate.dialect.PostgreSQLDialect
13:47:33.744 [main] INFO  o.h.e.t.j.p.i.JtaPlatformInitiator - HHH000490: Using JtaPlatform implementation: [org.hibernate.engine.transaction.jta.platform.internal.NoJtaPlatform]
13:47:34.883 [main] INFO  o.a.coyote.http11.Http11NioProtocol - Starting ProtocolHandler ["http-nio-8081"]
13:47:34.899 [main] INFO  com.example.http.HttpApplication - Started HttpApplication in 4.13 seconds (process running for 4.97)
13:52:19.752 [http-nio-8081-exec-1] INFO  o.a.c.c.C.[Tomcat].[localhost].[/] - Initializing Spring DispatcherServlet 'dispatcherServlet'
14:17:22.568 [SpringApplicationShutdownHook] INFO  com.zaxxer.hikari.HikariDataSource - HikariPool-1 - Shutdown initiated...
14:17:22.572 [SpringApplicationShutdownHook] INFO  com.zaxxer.hikari.HikariDataSource - HikariPool-1 - Shutdown completed.
14:17:27.257 [background-preinit] INFO  o.h.validator.internal.util.Version - HV000001: Hibernate Validator 8.0.0.Final
14:17:27.288 [main] INFO  com.example.http.HttpApplication - Starting HttpApplication using Java 19.0.2 with PID 8372 (C:\Users\a_djamankeev\IdeaProjects\http — spring sec\target\classes started by a_djamankeev in C:\Users\a_djamankeev\IdeaProjects\http — spring sec)
14:17:27.289 [main] INFO  com.example.http.HttpApplication - No active profile set, falling back to 1 default profile: "default"
14:17:28.445 [main] INFO  o.a.coyote.http11.Http11NioProtocol - Initializing ProtocolHandler ["http-nio-8081"]
14:17:28.445 [main] INFO  o.a.catalina.core.StandardService - Starting service [Tomcat]
14:17:28.445 [main] INFO  o.a.catalina.core.StandardEngine - Starting Servlet engine: [Apache Tomcat/10.1.7]
14:17:28.538 [main] INFO  o.a.c.c.C.[Tomcat].[localhost].[/] - Initializing Spring embedded WebApplicationContext
14:17:28.622 [main] INFO  o.h.jpa.internal.util.LogHelper - HHH000204: Processing PersistenceUnitInfo [name: default]
14:17:28.663 [main] INFO  org.hibernate.Version - HHH000412: Hibernate ORM core version 6.1.7.Final
14:17:28.881 [main] INFO  com.zaxxer.hikari.HikariDataSource - HikariPool-1 - Starting...
14:17:29.039 [main] INFO  com.zaxxer.hikari.pool.HikariPool - HikariPool-1 - Added connection org.postgresql.jdbc.PgConnection@5817f1ca
14:17:29.040 [main] INFO  com.zaxxer.hikari.HikariDataSource - HikariPool-1 - Start completed.
14:17:29.065 [main] INFO  SQL dialect - HHH000400: Using dialect: org.hibernate.dialect.PostgreSQLDialect
14:17:29.924 [main] INFO  o.h.e.t.j.p.i.JtaPlatformInitiator - HHH000490: Using JtaPlatform implementation: [org.hibernate.engine.transaction.jta.platform.internal.NoJtaPlatform]
14:17:31.085 [main] INFO  o.a.coyote.http11.Http11NioProtocol - Starting ProtocolHandler ["http-nio-8081"]
14:17:31.101 [main] INFO  com.example.http.HttpApplication - Started HttpApplication in 4.08 seconds (process running for 4.908)
14:17:42.992 [http-nio-8081-exec-1] INFO  o.a.c.c.C.[Tomcat].[localhost].[/] - Initializing Spring DispatcherServlet 'dispatcherServlet'
14:17:43.095 [http-nio-8081-exec-1] INFO  c.e.h.a.config.AuthenticationService - Authenticate -> AuthenticationRequest(email=jiji@gmail.com, password=100)
14:19:24.990 [SpringApplicationShutdownHook] INFO  com.zaxxer.hikari.HikariDataSource - HikariPool-1 - Shutdown initiated...
14:19:24.994 [SpringApplicationShutdownHook] INFO  com.zaxxer.hikari.HikariDataSource - HikariPool-1 - Shutdown completed.
14:19:30.112 [background-preinit] INFO  o.h.validator.internal.util.Version - HV000001: Hibernate Validator 8.0.0.Final
14:19:30.147 [main] INFO  com.example.http.HttpApplication - Starting HttpApplication using Java 19.0.2 with PID 10304 (C:\Users\a_djamankeev\IdeaProjects\http — spring sec\target\classes started by a_djamankeev in C:\Users\a_djamankeev\IdeaProjects\http — spring sec)
14:19:30.147 [main] INFO  com.example.http.HttpApplication - No active profile set, falling back to 1 default profile: "default"
14:19:31.259 [main] INFO  o.a.coyote.http11.Http11NioProtocol - Initializing ProtocolHandler ["http-nio-8081"]
14:19:31.260 [main] INFO  o.a.catalina.core.StandardService - Starting service [Tomcat]
14:19:31.260 [main] INFO  o.a.catalina.core.StandardEngine - Starting Servlet engine: [Apache Tomcat/10.1.7]
14:19:31.348 [main] INFO  o.a.c.c.C.[Tomcat].[localhost].[/] - Initializing Spring embedded WebApplicationContext
14:19:31.437 [main] INFO  o.h.jpa.internal.util.LogHelper - HHH000204: Processing PersistenceUnitInfo [name: default]
14:19:31.472 [main] INFO  org.hibernate.Version - HHH000412: Hibernate ORM core version 6.1.7.Final
14:19:31.672 [main] INFO  com.zaxxer.hikari.HikariDataSource - HikariPool-1 - Starting...
14:19:31.844 [main] INFO  com.zaxxer.hikari.pool.HikariPool - HikariPool-1 - Added connection org.postgresql.jdbc.PgConnection@16b64a03
14:19:31.846 [main] INFO  com.zaxxer.hikari.HikariDataSource - HikariPool-1 - Start completed.
14:19:31.875 [main] INFO  SQL dialect - HHH000400: Using dialect: org.hibernate.dialect.PostgreSQLDialect
14:19:32.740 [main] INFO  o.h.e.t.j.p.i.JtaPlatformInitiator - HHH000490: Using JtaPlatform implementation: [org.hibernate.engine.transaction.jta.platform.internal.NoJtaPlatform]
14:19:33.849 [main] INFO  o.a.coyote.http11.Http11NioProtocol - Starting ProtocolHandler ["http-nio-8081"]
14:19:33.865 [main] INFO  com.example.http.HttpApplication - Started HttpApplication in 4.001 seconds (process running for 4.906)
14:19:36.691 [http-nio-8081-exec-4] INFO  o.a.c.c.C.[Tomcat].[localhost].[/] - Initializing Spring DispatcherServlet 'dispatcherServlet'
14:19:36.976 [http-nio-8081-exec-4] INFO  c.e.http.service.impl.PayServiceImpl - PayServiceImpls -> com.example.http.request.PayRequest@79e2c0ed
14:20:01.930 [SpringApplicationShutdownHook] INFO  com.zaxxer.hikari.HikariDataSource - HikariPool-1 - Shutdown initiated...
14:20:01.933 [SpringApplicationShutdownHook] INFO  com.zaxxer.hikari.HikariDataSource - HikariPool-1 - Shutdown completed.
14:20:06.345 [background-preinit] INFO  o.h.validator.internal.util.Version - HV000001: Hibernate Validator 8.0.0.Final
14:20:06.382 [main] INFO  com.example.http.HttpApplication - Starting HttpApplication using Java 19.0.2 with PID 12628 (C:\Users\a_djamankeev\IdeaProjects\http — spring sec\target\classes started by a_djamankeev in C:\Users\a_djamankeev\IdeaProjects\http — spring sec)
14:20:06.382 [main] INFO  com.example.http.HttpApplication - No active profile set, falling back to 1 default profile: "default"
14:20:07.515 [main] INFO  o.a.coyote.http11.Http11NioProtocol - Initializing ProtocolHandler ["http-nio-8081"]
14:20:07.515 [main] INFO  o.a.catalina.core.StandardService - Starting service [Tomcat]
14:20:07.516 [main] INFO  o.a.catalina.core.StandardEngine - Starting Servlet engine: [Apache Tomcat/10.1.7]
14:20:07.612 [main] INFO  o.a.c.c.C.[Tomcat].[localhost].[/] - Initializing Spring embedded WebApplicationContext
14:20:07.696 [main] INFO  o.h.jpa.internal.util.LogHelper - HHH000204: Processing PersistenceUnitInfo [name: default]
14:20:07.732 [main] INFO  org.hibernate.Version - HHH000412: Hibernate ORM core version 6.1.7.Final
14:20:07.936 [main] INFO  com.zaxxer.hikari.HikariDataSource - HikariPool-1 - Starting...
14:20:08.098 [main] INFO  com.zaxxer.hikari.pool.HikariPool - HikariPool-1 - Added connection org.postgresql.jdbc.PgConnection@2b395581
14:20:08.099 [main] INFO  com.zaxxer.hikari.HikariDataSource - HikariPool-1 - Start completed.
14:20:08.128 [main] INFO  SQL dialect - HHH000400: Using dialect: org.hibernate.dialect.PostgreSQLDialect
14:20:08.994 [main] INFO  o.h.e.t.j.p.i.JtaPlatformInitiator - HHH000490: Using JtaPlatform implementation: [org.hibernate.engine.transaction.jta.platform.internal.NoJtaPlatform]
14:20:10.119 [main] INFO  o.a.coyote.http11.Http11NioProtocol - Starting ProtocolHandler ["http-nio-8081"]
14:20:10.137 [main] INFO  com.example.http.HttpApplication - Started HttpApplication in 4.022 seconds (process running for 4.944)
14:20:14.066 [http-nio-8081-exec-1] INFO  o.a.c.c.C.[Tomcat].[localhost].[/] - Initializing Spring DispatcherServlet 'dispatcherServlet'
14:20:14.346 [http-nio-8081-exec-1] INFO  c.e.http.service.impl.PayServiceImpl - PayServiceImpls -> com.example.http.request.PayRequest@77def6e9
14:20:24.707 [http-nio-8081-exec-3] INFO  c.e.http.service.impl.PayServiceImpl - PayServiceImpls -> com.example.http.request.PayRequest@62fc9063
14:20:24.713 [http-nio-8081-exec-3] ERROR c.e.http.service.impl.PayServiceImpl - PayServiceImpls -> Дублирование платежа
14:21:44.197 [SpringApplicationShutdownHook] INFO  com.zaxxer.hikari.HikariDataSource - HikariPool-1 - Shutdown initiated...
14:21:44.202 [SpringApplicationShutdownHook] INFO  com.zaxxer.hikari.HikariDataSource - HikariPool-1 - Shutdown completed.
14:21:49.422 [background-preinit] INFO  o.h.validator.internal.util.Version - HV000001: Hibernate Validator 8.0.0.Final
14:21:49.459 [main] INFO  com.example.http.HttpApplication - Starting HttpApplication using Java 19.0.2 with PID 11756 (C:\Users\a_djamankeev\IdeaProjects\http — spring sec\target\classes started by a_djamankeev in C:\Users\a_djamankeev\IdeaProjects\http — spring sec)
14:21:49.460 [main] INFO  com.example.http.HttpApplication - No active profile set, falling back to 1 default profile: "default"
14:21:50.638 [main] INFO  o.a.coyote.http11.Http11NioProtocol - Initializing ProtocolHandler ["http-nio-8081"]
14:21:50.639 [main] INFO  o.a.catalina.core.StandardService - Starting service [Tomcat]
14:21:50.639 [main] INFO  o.a.catalina.core.StandardEngine - Starting Servlet engine: [Apache Tomcat/10.1.7]
14:21:50.741 [main] INFO  o.a.c.c.C.[Tomcat].[localhost].[/] - Initializing Spring embedded WebApplicationContext
14:21:50.830 [main] INFO  o.h.jpa.internal.util.LogHelper - HHH000204: Processing PersistenceUnitInfo [name: default]
14:21:50.871 [main] INFO  org.hibernate.Version - HHH000412: Hibernate ORM core version 6.1.7.Final
14:21:51.085 [main] INFO  com.zaxxer.hikari.HikariDataSource - HikariPool-1 - Starting...
14:21:51.244 [main] INFO  com.zaxxer.hikari.pool.HikariPool - HikariPool-1 - Added connection org.postgresql.jdbc.PgConnection@16b64a03
14:21:51.245 [main] INFO  com.zaxxer.hikari.HikariDataSource - HikariPool-1 - Start completed.
14:21:51.267 [main] INFO  SQL dialect - HHH000400: Using dialect: org.hibernate.dialect.PostgreSQLDialect
14:21:52.168 [main] INFO  o.h.e.t.j.p.i.JtaPlatformInitiator - HHH000490: Using JtaPlatform implementation: [org.hibernate.engine.transaction.jta.platform.internal.NoJtaPlatform]
14:21:53.359 [main] INFO  o.a.coyote.http11.Http11NioProtocol - Starting ProtocolHandler ["http-nio-8081"]
14:21:53.375 [main] INFO  com.example.http.HttpApplication - Started HttpApplication in 4.197 seconds (process running for 5.197)
14:24:53.485 [http-nio-8081-exec-1] INFO  o.a.c.c.C.[Tomcat].[localhost].[/] - Initializing Spring DispatcherServlet 'dispatcherServlet'
14:24:53.789 [http-nio-8081-exec-1] INFO  c.e.h.s.impl.CheckStatusServiceImpl - CheckStatusServiceImpls -> com.example.http.request.CheckStatusRequest@5430770b
14:25:24.606 [http-nio-8081-exec-6] INFO  c.e.h.s.impl.CheckStatusServiceImpl - CheckStatusServiceImpls -> com.example.http.request.CheckStatusRequest@6c2e07ab
14:25:25.720 [http-nio-8081-exec-8] INFO  c.e.h.s.impl.CheckStatusServiceImpl - CheckStatusServiceImpls -> com.example.http.request.CheckStatusRequest@75691443
14:46:22.488 [SpringApplicationShutdownHook] INFO  com.zaxxer.hikari.HikariDataSource - HikariPool-1 - Shutdown initiated...
14:46:22.493 [SpringApplicationShutdownHook] INFO  com.zaxxer.hikari.HikariDataSource - HikariPool-1 - Shutdown completed.
14:46:28.207 [background-preinit] INFO  o.h.validator.internal.util.Version - HV000001: Hibernate Validator 8.0.0.Final
14:46:28.252 [main] INFO  com.example.http.HttpApplication - Starting HttpApplication using Java 19.0.2 with PID 9496 (C:\Users\a_djamankeev\IdeaProjects\http — spring sec\target\classes started by a_djamankeev in C:\Users\a_djamankeev\IdeaProjects\http — spring sec)
14:46:28.253 [main] INFO  com.example.http.HttpApplication - No active profile set, falling back to 1 default profile: "default"
14:46:29.504 [main] INFO  o.a.coyote.http11.Http11NioProtocol - Initializing ProtocolHandler ["http-nio-8081"]
14:46:29.504 [main] INFO  o.a.catalina.core.StandardService - Starting service [Tomcat]
14:46:29.505 [main] INFO  o.a.catalina.core.StandardEngine - Starting Servlet engine: [Apache Tomcat/10.1.7]
14:46:29.603 [main] INFO  o.a.c.c.C.[Tomcat].[localhost].[/] - Initializing Spring embedded WebApplicationContext
14:46:29.715 [main] INFO  o.h.jpa.internal.util.LogHelper - HHH000204: Processing PersistenceUnitInfo [name: default]
14:46:29.759 [main] INFO  org.hibernate.Version - HHH000412: Hibernate ORM core version 6.1.7.Final
14:46:29.985 [main] INFO  com.zaxxer.hikari.HikariDataSource - HikariPool-1 - Starting...
14:46:30.170 [main] INFO  com.zaxxer.hikari.pool.HikariPool - HikariPool-1 - Added connection org.postgresql.jdbc.PgConnection@16b64a03
14:46:30.171 [main] INFO  com.zaxxer.hikari.HikariDataSource - HikariPool-1 - Start completed.
14:46:30.200 [main] INFO  SQL dialect - HHH000400: Using dialect: org.hibernate.dialect.PostgreSQLDialect
14:46:31.218 [main] INFO  o.h.e.t.j.p.i.JtaPlatformInitiator - HHH000490: Using JtaPlatform implementation: [org.hibernate.engine.transaction.jta.platform.internal.NoJtaPlatform]
14:46:32.505 [main] INFO  o.a.coyote.http11.Http11NioProtocol - Starting ProtocolHandler ["http-nio-8081"]
14:46:32.524 [main] INFO  com.example.http.HttpApplication - Started HttpApplication in 4.612 seconds (process running for 5.557)
14:47:47.331 [http-nio-8081-exec-2] INFO  o.a.c.c.C.[Tomcat].[localhost].[/] - Initializing Spring DispatcherServlet 'dispatcherServlet'
14:47:55.326 [SpringApplicationShutdownHook] INFO  com.zaxxer.hikari.HikariDataSource - HikariPool-1 - Shutdown initiated...
14:47:55.331 [SpringApplicationShutdownHook] INFO  com.zaxxer.hikari.HikariDataSource - HikariPool-1 - Shutdown completed.
14:47:58.133 [background-preinit] INFO  o.h.validator.internal.util.Version - HV000001: Hibernate Validator 8.0.0.Final
14:47:58.168 [main] INFO  com.example.http.HttpApplication - Starting HttpApplication using Java 19.0.2 with PID 17464 (C:\Users\a_djamankeev\IdeaProjects\http — spring sec\target\classes started by a_djamankeev in C:\Users\a_djamankeev\IdeaProjects\http — spring sec)
14:47:58.169 [main] INFO  com.example.http.HttpApplication - No active profile set, falling back to 1 default profile: "default"
14:47:59.341 [main] INFO  o.a.coyote.http11.Http11NioProtocol - Initializing ProtocolHandler ["http-nio-8081"]
14:47:59.342 [main] INFO  o.a.catalina.core.StandardService - Starting service [Tomcat]
14:47:59.342 [main] INFO  o.a.catalina.core.StandardEngine - Starting Servlet engine: [Apache Tomcat/10.1.7]
14:47:59.428 [main] INFO  o.a.c.c.C.[Tomcat].[localhost].[/] - Initializing Spring embedded WebApplicationContext
14:47:59.521 [main] INFO  o.h.jpa.internal.util.LogHelper - HHH000204: Processing PersistenceUnitInfo [name: default]
14:47:59.557 [main] INFO  org.hibernate.Version - HHH000412: Hibernate ORM core version 6.1.7.Final
14:47:59.759 [main] INFO  com.zaxxer.hikari.HikariDataSource - HikariPool-1 - Starting...
14:47:59.926 [main] INFO  com.zaxxer.hikari.pool.HikariPool - HikariPool-1 - Added connection org.postgresql.jdbc.PgConnection@374b6e33
14:47:59.927 [main] INFO  com.zaxxer.hikari.HikariDataSource - HikariPool-1 - Start completed.
14:47:59.951 [main] INFO  SQL dialect - HHH000400: Using dialect: org.hibernate.dialect.PostgreSQLDialect
14:48:00.948 [main] INFO  o.h.e.t.j.p.i.JtaPlatformInitiator - HHH000490: Using JtaPlatform implementation: [org.hibernate.engine.transaction.jta.platform.internal.NoJtaPlatform]
14:48:02.107 [main] INFO  o.a.coyote.http11.Http11NioProtocol - Starting ProtocolHandler ["http-nio-8081"]
14:48:02.124 [main] INFO  com.example.http.HttpApplication - Started HttpApplication in 4.233 seconds (process running for 5.051)
14:48:27.092 [http-nio-8081-exec-1] INFO  o.a.c.c.C.[Tomcat].[localhost].[/] - Initializing Spring DispatcherServlet 'dispatcherServlet'
14:48:27.220 [http-nio-8081-exec-1] INFO  c.e.h.a.config.AuthenticationService - Authenticate -> AuthenticationRequest(email=jiji@gmail.com, password=100)
14:51:04.063 [http-nio-8081-exec-5] INFO  c.e.h.a.config.AuthenticationService - Registration -> RegisterRequest(name=lol, birthdate=23112001, phone=996555777777, lastname=null, email=lplpl@gmail.com, password=100)
15:07:22.974 [SpringApplicationShutdownHook] INFO  com.zaxxer.hikari.HikariDataSource - HikariPool-1 - Shutdown initiated...
15:07:22.980 [SpringApplicationShutdownHook] INFO  com.zaxxer.hikari.HikariDataSource - HikariPool-1 - Shutdown completed.
15:07:27.561 [background-preinit] INFO  o.h.validator.internal.util.Version - HV000001: Hibernate Validator 8.0.0.Final
15:07:27.598 [main] INFO  com.example.http.HttpApplication - Starting HttpApplication using Java 19.0.2 with PID 10056 (C:\Users\a_djamankeev\IdeaProjects\http — spring sec\target\classes started by a_djamankeev in C:\Users\a_djamankeev\IdeaProjects\http — spring sec)
15:07:27.599 [main] INFO  com.example.http.HttpApplication - No active profile set, falling back to 1 default profile: "default"
15:07:28.747 [main] INFO  o.a.coyote.http11.Http11NioProtocol - Initializing ProtocolHandler ["http-nio-8081"]
15:07:28.748 [main] INFO  o.a.catalina.core.StandardService - Starting service [Tomcat]
15:07:28.748 [main] INFO  o.a.catalina.core.StandardEngine - Starting Servlet engine: [Apache Tomcat/10.1.7]
15:07:28.837 [main] INFO  o.a.c.c.C.[Tomcat].[localhost].[/] - Initializing Spring embedded WebApplicationContext
15:07:28.932 [main] INFO  o.h.jpa.internal.util.LogHelper - HHH000204: Processing PersistenceUnitInfo [name: default]
15:07:28.969 [main] INFO  org.hibernate.Version - HHH000412: Hibernate ORM core version 6.1.7.Final
15:07:29.177 [main] INFO  com.zaxxer.hikari.HikariDataSource - HikariPool-1 - Starting...
15:07:29.337 [main] INFO  com.zaxxer.hikari.pool.HikariPool - HikariPool-1 - Added connection org.postgresql.jdbc.PgConnection@4fe2dd02
15:07:29.338 [main] INFO  com.zaxxer.hikari.HikariDataSource - HikariPool-1 - Start completed.
15:07:29.361 [main] INFO  SQL dialect - HHH000400: Using dialect: org.hibernate.dialect.PostgreSQLDialect
15:07:30.258 [main] INFO  o.h.e.t.j.p.i.JtaPlatformInitiator - HHH000490: Using JtaPlatform implementation: [org.hibernate.engine.transaction.jta.platform.internal.NoJtaPlatform]
15:07:31.412 [main] INFO  o.a.coyote.http11.Http11NioProtocol - Starting ProtocolHandler ["http-nio-8081"]
15:07:31.429 [main] INFO  com.example.http.HttpApplication - Started HttpApplication in 4.11 seconds (process running for 4.979)
15:07:34.513 [http-nio-8081-exec-3] INFO  o.a.c.c.C.[Tomcat].[localhost].[/] - Initializing Spring DispatcherServlet 'dispatcherServlet'
15:07:34.572 [http-nio-8081-exec-3] ERROR o.a.c.c.C.[.[.[.[dispatcherServlet] - Servlet.service() for servlet [dispatcherServlet] in context with path [] threw exception
io.jsonwebtoken.ExpiredJwtException: JWT expired at 2023-08-24T08:24:48Z. Current time: 2023-08-25T09:07:34Z, a difference of 88966571 milliseconds.  Allowed clock skew: 0 milliseconds.
	at io.jsonwebtoken.impl.DefaultJwtParser.parse(DefaultJwtParser.java:427)
	at io.jsonwebtoken.impl.DefaultJwtParser.parse(DefaultJwtParser.java:529)
	at io.jsonwebtoken.impl.DefaultJwtParser.parseClaimsJws(DefaultJwtParser.java:589)
	at io.jsonwebtoken.impl.ImmutableJwtParser.parseClaimsJws(ImmutableJwtParser.java:173)
	at com.example.http.auth.config.JwtService.extractClaims(JwtService.java:68)
	at com.example.http.auth.config.JwtService.extractClaims(JwtService.java:58)
	at com.example.http.auth.config.JwtService.extractUserName(JwtService.java:23)
	at com.example.http.auth.config.JwtAuthenticationFilter.doFilterInternal(JwtAuthenticationFilter.java:37)
	at org.springframework.web.filter.OncePerRequestFilter.doFilter(OncePerRequestFilter.java:116)
	at org.springframework.security.web.FilterChainProxy$VirtualFilterChain.doFilter(FilterChainProxy.java:374)
	at org.springframework.security.web.authentication.logout.LogoutFilter.doFilter(LogoutFilter.java:107)
	at org.springframework.security.web.authentication.logout.LogoutFilter.doFilter(LogoutFilter.java:93)
	at org.springframework.security.web.FilterChainProxy$VirtualFilterChain.doFilter(FilterChainProxy.java:374)
	at org.springframework.security.web.header.HeaderWriterFilter.doHeadersAfter(HeaderWriterFilter.java:90)
	at org.springframework.security.web.header.HeaderWriterFilter.doFilterInternal(HeaderWriterFilter.java:75)
	at org.springframework.web.filter.OncePerRequestFilter.doFilter(OncePerRequestFilter.java:116)
	at org.springframework.security.web.FilterChainProxy$VirtualFilterChain.doFilter(FilterChainProxy.java:374)
	at org.springframework.security.web.context.SecurityContextHolderFilter.doFilter(SecurityContextHolderFilter.java:82)
	at org.springframework.security.web.context.SecurityContextHolderFilter.doFilter(SecurityContextHolderFilter.java:69)
	at org.springframework.security.web.FilterChainProxy$VirtualFilterChain.doFilter(FilterChainProxy.java:374)
	at org.springframework.security.web.context.request.async.WebAsyncManagerIntegrationFilter.doFilterInternal(WebAsyncManagerIntegrationFilter.java:62)
	at org.springframework.web.filter.OncePerRequestFilter.doFilter(OncePerRequestFilter.java:116)
	at org.springframework.security.web.FilterChainProxy$VirtualFilterChain.doFilter(FilterChainProxy.java:374)
	at org.springframework.security.web.session.DisableEncodeUrlFilter.doFilterInternal(DisableEncodeUrlFilter.java:42)
	at org.springframework.web.filter.OncePerRequestFilter.doFilter(OncePerRequestFilter.java:116)
	at org.springframework.security.web.FilterChainProxy$VirtualFilterChain.doFilter(FilterChainProxy.java:374)
	at org.springframework.security.web.FilterChainProxy.doFilterInternal(FilterChainProxy.java:233)
	at org.springframework.security.web.FilterChainProxy.doFilter(FilterChainProxy.java:191)
	at org.springframework.web.filter.DelegatingFilterProxy.invokeDelegate(DelegatingFilterProxy.java:352)
	at org.springframework.web.filter.DelegatingFilterProxy.doFilter(DelegatingFilterProxy.java:268)
	at org.apache.catalina.core.ApplicationFilterChain.internalDoFilter(ApplicationFilterChain.java:174)
	at org.apache.catalina.core.ApplicationFilterChain.doFilter(ApplicationFilterChain.java:149)
	at org.springframework.web.filter.RequestContextFilter.doFilterInternal(RequestContextFilter.java:100)
	at org.springframework.web.filter.OncePerRequestFilter.doFilter(OncePerRequestFilter.java:116)
	at org.apache.catalina.core.ApplicationFilterChain.internalDoFilter(ApplicationFilterChain.java:174)
	at org.apache.catalina.core.ApplicationFilterChain.doFilter(ApplicationFilterChain.java:149)
	at org.springframework.web.filter.FormContentFilter.doFilterInternal(FormContentFilter.java:93)
	at org.springframework.web.filter.OncePerRequestFilter.doFilter(OncePerRequestFilter.java:116)
	at org.apache.catalina.core.ApplicationFilterChain.internalDoFilter(ApplicationFilterChain.java:174)
	at org.apache.catalina.core.ApplicationFilterChain.doFilter(ApplicationFilterChain.java:149)
	at org.springframework.web.filter.CharacterEncodingFilter.doFilterInternal(CharacterEncodingFilter.java:201)
	at org.springframework.web.filter.OncePerRequestFilter.doFilter(OncePerRequestFilter.java:116)
	at org.apache.catalina.core.ApplicationFilterChain.internalDoFilter(ApplicationFilterChain.java:174)
	at org.apache.catalina.core.ApplicationFilterChain.doFilter(ApplicationFilterChain.java:149)
	at org.apache.catalina.core.StandardWrapperValve.invoke(StandardWrapperValve.java:166)
	at org.apache.catalina.core.StandardContextValve.invoke(StandardContextValve.java:90)
	at org.apache.catalina.authenticator.AuthenticatorBase.invoke(AuthenticatorBase.java:493)
	at org.apache.catalina.core.StandardHostValve.invoke(StandardHostValve.java:115)
	at org.apache.catalina.valves.ErrorReportValve.invoke(ErrorReportValve.java:93)
	at org.apache.catalina.core.StandardEngineValve.invoke(StandardEngineValve.java:74)
	at org.apache.catalina.connector.CoyoteAdapter.service(CoyoteAdapter.java:341)
	at org.apache.coyote.http11.Http11Processor.service(Http11Processor.java:390)
	at org.apache.coyote.AbstractProcessorLight.process(AbstractProcessorLight.java:63)
	at org.apache.coyote.AbstractProtocol$ConnectionHandler.process(AbstractProtocol.java:894)
	at org.apache.tomcat.util.net.NioEndpoint$SocketProcessor.doRun(NioEndpoint.java:1741)
	at org.apache.tomcat.util.net.SocketProcessorBase.run(SocketProcessorBase.java:52)
	at org.apache.tomcat.util.threads.ThreadPoolExecutor.runWorker(ThreadPoolExecutor.java:1191)
	at org.apache.tomcat.util.threads.ThreadPoolExecutor$Worker.run(ThreadPoolExecutor.java:659)
	at org.apache.tomcat.util.threads.TaskThread$WrappingRunnable.run(TaskThread.java:61)
	at java.base/java.lang.Thread.run(Thread.java:1589)
15:07:39.828 [http-nio-8081-exec-2] INFO  c.e.h.a.config.AuthenticationService - Authenticate -> AuthenticationRequest(email=jiji@gmail.com, password=100)
15:10:31.739 [http-nio-8081-exec-10] INFO  c.e.h.service.impl.CreditServiceImpl - CreditServiceImpls -> com.example.http.request.CreditRequest@3b97b01f
15:13:06.830 [SpringApplicationShutdownHook] INFO  com.zaxxer.hikari.HikariDataSource - HikariPool-1 - Shutdown initiated...
15:13:06.834 [SpringApplicationShutdownHook] INFO  com.zaxxer.hikari.HikariDataSource - HikariPool-1 - Shutdown completed.
15:13:11.746 [background-preinit] INFO  o.h.validator.internal.util.Version - HV000001: Hibernate Validator 8.0.0.Final
15:13:11.778 [main] INFO  com.example.http.HttpApplication - Starting HttpApplication using Java 19.0.2 with PID 16164 (C:\Users\a_djamankeev\IdeaProjects\http — spring sec\target\classes started by a_djamankeev in C:\Users\a_djamankeev\IdeaProjects\http — spring sec)
15:13:11.779 [main] INFO  com.example.http.HttpApplication - No active profile set, falling back to 1 default profile: "default"
15:13:12.908 [main] INFO  o.a.coyote.http11.Http11NioProtocol - Initializing ProtocolHandler ["http-nio-8081"]
15:13:12.909 [main] INFO  o.a.catalina.core.StandardService - Starting service [Tomcat]
15:13:12.909 [main] INFO  o.a.catalina.core.StandardEngine - Starting Servlet engine: [Apache Tomcat/10.1.7]
15:13:12.998 [main] INFO  o.a.c.c.C.[Tomcat].[localhost].[/] - Initializing Spring embedded WebApplicationContext
15:13:13.092 [main] INFO  o.h.jpa.internal.util.LogHelper - HHH000204: Processing PersistenceUnitInfo [name: default]
15:13:13.128 [main] INFO  org.hibernate.Version - HHH000412: Hibernate ORM core version 6.1.7.Final
15:13:13.338 [main] INFO  com.zaxxer.hikari.HikariDataSource - HikariPool-1 - Starting...
15:13:13.506 [main] INFO  com.zaxxer.hikari.pool.HikariPool - HikariPool-1 - Added connection org.postgresql.jdbc.PgConnection@1c2dd89b
15:13:13.507 [main] INFO  com.zaxxer.hikari.HikariDataSource - HikariPool-1 - Start completed.
15:13:13.530 [main] INFO  SQL dialect - HHH000400: Using dialect: org.hibernate.dialect.PostgreSQLDialect
15:13:14.430 [main] INFO  o.h.e.t.j.p.i.JtaPlatformInitiator - HHH000490: Using JtaPlatform implementation: [org.hibernate.engine.transaction.jta.platform.internal.NoJtaPlatform]
15:13:15.529 [main] INFO  o.a.coyote.http11.Http11NioProtocol - Starting ProtocolHandler ["http-nio-8081"]
15:13:15.545 [main] INFO  com.example.http.HttpApplication - Started HttpApplication in 4.056 seconds (process running for 4.999)
15:13:21.143 [http-nio-8081-exec-4] INFO  o.a.c.c.C.[Tomcat].[localhost].[/] - Initializing Spring DispatcherServlet 'dispatcherServlet'
15:13:21.475 [http-nio-8081-exec-4] INFO  c.e.h.service.impl.ChartServiceImpl - ChartServiceImpl -> com.example.http.request.ScheduleRequest@6f5d248a
15:15:19.980 [http-nio-8081-exec-5] ERROR o.a.c.c.C.[.[.[.[dispatcherServlet] - Servlet.service() for servlet [dispatcherServlet] in context with path [] threw exception
io.jsonwebtoken.ExpiredJwtException: JWT expired at 2023-08-22T08:26:02Z. Current time: 2023-08-25T09:15:19Z, a difference of 262157978 milliseconds.  Allowed clock skew: 0 milliseconds.
	at io.jsonwebtoken.impl.DefaultJwtParser.parse(DefaultJwtParser.java:427)
	at io.jsonwebtoken.impl.DefaultJwtParser.parse(DefaultJwtParser.java:529)
	at io.jsonwebtoken.impl.DefaultJwtParser.parseClaimsJws(DefaultJwtParser.java:589)
	at io.jsonwebtoken.impl.ImmutableJwtParser.parseClaimsJws(ImmutableJwtParser.java:173)
	at com.example.http.auth.config.JwtService.extractClaims(JwtService.java:68)
	at com.example.http.auth.config.JwtService.extractClaims(JwtService.java:58)
	at com.example.http.auth.config.JwtService.extractUserName(JwtService.java:23)
	at com.example.http.auth.config.JwtAuthenticationFilter.doFilterInternal(JwtAuthenticationFilter.java:37)
	at org.springframework.web.filter.OncePerRequestFilter.doFilter(OncePerRequestFilter.java:116)
	at org.springframework.security.web.FilterChainProxy$VirtualFilterChain.doFilter(FilterChainProxy.java:374)
	at org.springframework.security.web.authentication.logout.LogoutFilter.doFilter(LogoutFilter.java:107)
	at org.springframework.security.web.authentication.logout.LogoutFilter.doFilter(LogoutFilter.java:93)
	at org.springframework.security.web.FilterChainProxy$VirtualFilterChain.doFilter(FilterChainProxy.java:374)
	at org.springframework.security.web.header.HeaderWriterFilter.doHeadersAfter(HeaderWriterFilter.java:90)
	at org.springframework.security.web.header.HeaderWriterFilter.doFilterInternal(HeaderWriterFilter.java:75)
	at org.springframework.web.filter.OncePerRequestFilter.doFilter(OncePerRequestFilter.java:116)
	at org.springframework.security.web.FilterChainProxy$VirtualFilterChain.doFilter(FilterChainProxy.java:374)
	at org.springframework.security.web.context.SecurityContextHolderFilter.doFilter(SecurityContextHolderFilter.java:82)
	at org.springframework.security.web.context.SecurityContextHolderFilter.doFilter(SecurityContextHolderFilter.java:69)
	at org.springframework.security.web.FilterChainProxy$VirtualFilterChain.doFilter(FilterChainProxy.java:374)
	at org.springframework.security.web.context.request.async.WebAsyncManagerIntegrationFilter.doFilterInternal(WebAsyncManagerIntegrationFilter.java:62)
	at org.springframework.web.filter.OncePerRequestFilter.doFilter(OncePerRequestFilter.java:116)
	at org.springframework.security.web.FilterChainProxy$VirtualFilterChain.doFilter(FilterChainProxy.java:374)
	at org.springframework.security.web.session.DisableEncodeUrlFilter.doFilterInternal(DisableEncodeUrlFilter.java:42)
	at org.springframework.web.filter.OncePerRequestFilter.doFilter(OncePerRequestFilter.java:116)
	at org.springframework.security.web.FilterChainProxy$VirtualFilterChain.doFilter(FilterChainProxy.java:374)
	at org.springframework.security.web.FilterChainProxy.doFilterInternal(FilterChainProxy.java:233)
	at org.springframework.security.web.FilterChainProxy.doFilter(FilterChainProxy.java:191)
	at org.springframework.web.filter.DelegatingFilterProxy.invokeDelegate(DelegatingFilterProxy.java:352)
	at org.springframework.web.filter.DelegatingFilterProxy.doFilter(DelegatingFilterProxy.java:268)
	at org.apache.catalina.core.ApplicationFilterChain.internalDoFilter(ApplicationFilterChain.java:174)
	at org.apache.catalina.core.ApplicationFilterChain.doFilter(ApplicationFilterChain.java:149)
	at org.springframework.web.filter.RequestContextFilter.doFilterInternal(RequestContextFilter.java:100)
	at org.springframework.web.filter.OncePerRequestFilter.doFilter(OncePerRequestFilter.java:116)
	at org.apache.catalina.core.ApplicationFilterChain.internalDoFilter(ApplicationFilterChain.java:174)
	at org.apache.catalina.core.ApplicationFilterChain.doFilter(ApplicationFilterChain.java:149)
	at org.springframework.web.filter.FormContentFilter.doFilterInternal(FormContentFilter.java:93)
	at org.springframework.web.filter.OncePerRequestFilter.doFilter(OncePerRequestFilter.java:116)
	at org.apache.catalina.core.ApplicationFilterChain.internalDoFilter(ApplicationFilterChain.java:174)
	at org.apache.catalina.core.ApplicationFilterChain.doFilter(ApplicationFilterChain.java:149)
	at org.springframework.web.filter.CharacterEncodingFilter.doFilterInternal(CharacterEncodingFilter.java:201)
	at org.springframework.web.filter.OncePerRequestFilter.doFilter(OncePerRequestFilter.java:116)
	at org.apache.catalina.core.ApplicationFilterChain.internalDoFilter(ApplicationFilterChain.java:174)
	at org.apache.catalina.core.ApplicationFilterChain.doFilter(ApplicationFilterChain.java:149)
	at org.apache.catalina.core.StandardWrapperValve.invoke(StandardWrapperValve.java:166)
	at org.apache.catalina.core.StandardContextValve.invoke(StandardContextValve.java:90)
	at org.apache.catalina.authenticator.AuthenticatorBase.invoke(AuthenticatorBase.java:493)
	at org.apache.catalina.core.StandardHostValve.invoke(StandardHostValve.java:115)
	at org.apache.catalina.valves.ErrorReportValve.invoke(ErrorReportValve.java:93)
	at org.apache.catalina.core.StandardEngineValve.invoke(StandardEngineValve.java:74)
	at org.apache.catalina.connector.CoyoteAdapter.service(CoyoteAdapter.java:341)
	at org.apache.coyote.http11.Http11Processor.service(Http11Processor.java:390)
	at org.apache.coyote.AbstractProcessorLight.process(AbstractProcessorLight.java:63)
	at org.apache.coyote.AbstractProtocol$ConnectionHandler.process(AbstractProtocol.java:894)
	at org.apache.tomcat.util.net.NioEndpoint$SocketProcessor.doRun(NioEndpoint.java:1741)
	at org.apache.tomcat.util.net.SocketProcessorBase.run(SocketProcessorBase.java:52)
	at org.apache.tomcat.util.threads.ThreadPoolExecutor.runWorker(ThreadPoolExecutor.java:1191)
	at org.apache.tomcat.util.threads.ThreadPoolExecutor$Worker.run(ThreadPoolExecutor.java:659)
	at org.apache.tomcat.util.threads.TaskThread$WrappingRunnable.run(TaskThread.java:61)
	at java.base/java.lang.Thread.run(Thread.java:1589)
15:15:34.822 [http-nio-8081-exec-6] INFO  c.e.h.s.impl.ScheduleServiceImpl - ScheduleServiceImpls -> com.example.http.request.ScheduleRequest@3ecbfc95
15:16:27.530 [SpringApplicationShutdownHook] INFO  com.zaxxer.hikari.HikariDataSource - HikariPool-1 - Shutdown initiated...
15:16:27.534 [SpringApplicationShutdownHook] INFO  com.zaxxer.hikari.HikariDataSource - HikariPool-1 - Shutdown completed.
15:16:31.959 [background-preinit] INFO  o.h.validator.internal.util.Version - HV000001: Hibernate Validator 8.0.0.Final
15:16:32.000 [main] INFO  com.example.http.HttpApplication - Starting HttpApplication using Java 19.0.2 with PID 17620 (C:\Users\a_djamankeev\IdeaProjects\http — spring sec\target\classes started by a_djamankeev in C:\Users\a_djamankeev\IdeaProjects\http — spring sec)
15:16:32.000 [main] INFO  com.example.http.HttpApplication - No active profile set, falling back to 1 default profile: "default"
15:16:33.096 [main] INFO  o.a.coyote.http11.Http11NioProtocol - Initializing ProtocolHandler ["http-nio-8081"]
15:16:33.097 [main] INFO  o.a.catalina.core.StandardService - Starting service [Tomcat]
15:16:33.097 [main] INFO  o.a.catalina.core.StandardEngine - Starting Servlet engine: [Apache Tomcat/10.1.7]
15:16:33.177 [main] INFO  o.a.c.c.C.[Tomcat].[localhost].[/] - Initializing Spring embedded WebApplicationContext
15:16:33.268 [main] INFO  o.h.jpa.internal.util.LogHelper - HHH000204: Processing PersistenceUnitInfo [name: default]
15:16:33.302 [main] INFO  org.hibernate.Version - HHH000412: Hibernate ORM core version 6.1.7.Final
15:16:33.504 [main] INFO  com.zaxxer.hikari.HikariDataSource - HikariPool-1 - Starting...
15:16:33.665 [main] INFO  com.zaxxer.hikari.pool.HikariPool - HikariPool-1 - Added connection org.postgresql.jdbc.PgConnection@6ba060af
15:16:33.666 [main] INFO  com.zaxxer.hikari.HikariDataSource - HikariPool-1 - Start completed.
15:16:33.690 [main] INFO  SQL dialect - HHH000400: Using dialect: org.hibernate.dialect.PostgreSQLDialect
15:16:34.615 [main] INFO  o.h.e.t.j.p.i.JtaPlatformInitiator - HHH000490: Using JtaPlatform implementation: [org.hibernate.engine.transaction.jta.platform.internal.NoJtaPlatform]
15:16:35.892 [main] INFO  o.a.coyote.http11.Http11NioProtocol - Starting ProtocolHandler ["http-nio-8081"]
15:16:35.914 [main] INFO  com.example.http.HttpApplication - Started HttpApplication in 4.19 seconds (process running for 5.107)
15:16:49.070 [http-nio-8081-exec-1] INFO  o.a.c.c.C.[Tomcat].[localhost].[/] - Initializing Spring DispatcherServlet 'dispatcherServlet'
15:16:49.372 [http-nio-8081-exec-1] INFO  c.e.h.s.impl.ScheduleServiceImpl - ScheduleServiceImpls -> com.example.http.request.ScheduleRequest@82b2eb5
15:17:26.838 [SpringApplicationShutdownHook] INFO  com.zaxxer.hikari.HikariDataSource - HikariPool-1 - Shutdown initiated...
15:17:26.845 [SpringApplicationShutdownHook] INFO  com.zaxxer.hikari.HikariDataSource - HikariPool-1 - Shutdown completed.
15:17:31.056 [background-preinit] INFO  o.h.validator.internal.util.Version - HV000001: Hibernate Validator 8.0.0.Final
15:17:31.091 [main] INFO  com.example.http.HttpApplication - Starting HttpApplication using Java 19.0.2 with PID 10920 (C:\Users\a_djamankeev\IdeaProjects\http — spring sec\target\classes started by a_djamankeev in C:\Users\a_djamankeev\IdeaProjects\http — spring sec)
15:17:31.092 [main] INFO  com.example.http.HttpApplication - No active profile set, falling back to 1 default profile: "default"
15:17:32.305 [main] INFO  o.a.coyote.http11.Http11NioProtocol - Initializing ProtocolHandler ["http-nio-8081"]
15:17:32.305 [main] INFO  o.a.catalina.core.StandardService - Starting service [Tomcat]
15:17:32.305 [main] INFO  o.a.catalina.core.StandardEngine - Starting Servlet engine: [Apache Tomcat/10.1.7]
15:17:32.396 [main] INFO  o.a.c.c.C.[Tomcat].[localhost].[/] - Initializing Spring embedded WebApplicationContext
15:17:32.497 [main] INFO  o.h.jpa.internal.util.LogHelper - HHH000204: Processing PersistenceUnitInfo [name: default]
15:17:32.541 [main] INFO  org.hibernate.Version - HHH000412: Hibernate ORM core version 6.1.7.Final
15:17:32.748 [main] INFO  com.zaxxer.hikari.HikariDataSource - HikariPool-1 - Starting...
15:17:32.923 [main] INFO  com.zaxxer.hikari.pool.HikariPool - HikariPool-1 - Added connection org.postgresql.jdbc.PgConnection@19faedcc
15:17:32.926 [main] INFO  com.zaxxer.hikari.HikariDataSource - HikariPool-1 - Start completed.
15:17:32.951 [main] INFO  SQL dialect - HHH000400: Using dialect: org.hibernate.dialect.PostgreSQLDialect
15:17:33.883 [main] INFO  o.h.e.t.j.p.i.JtaPlatformInitiator - HHH000490: Using JtaPlatform implementation: [org.hibernate.engine.transaction.jta.platform.internal.NoJtaPlatform]
15:17:35.063 [main] INFO  o.a.coyote.http11.Http11NioProtocol - Starting ProtocolHandler ["http-nio-8081"]
15:17:35.080 [main] INFO  com.example.http.HttpApplication - Started HttpApplication in 4.26 seconds (process running for 5.058)
15:17:37.153 [http-nio-8081-exec-3] INFO  o.a.c.c.C.[Tomcat].[localhost].[/] - Initializing Spring DispatcherServlet 'dispatcherServlet'
15:17:37.504 [http-nio-8081-exec-3] INFO  c.e.h.s.impl.ScheduleServiceImpl - ScheduleServiceImpls -> com.example.http.request.ScheduleRequest@687e4b8
15:19:06.741 [SpringApplicationShutdownHook] INFO  com.zaxxer.hikari.HikariDataSource - HikariPool-1 - Shutdown initiated...
15:19:06.745 [SpringApplicationShutdownHook] INFO  com.zaxxer.hikari.HikariDataSource - HikariPool-1 - Shutdown completed.
15:19:11.703 [background-preinit] INFO  o.h.validator.internal.util.Version - HV000001: Hibernate Validator 8.0.0.Final
15:19:11.744 [main] INFO  com.example.http.HttpApplication - Starting HttpApplication using Java 19.0.2 with PID 4408 (C:\Users\a_djamankeev\IdeaProjects\http — spring sec\target\classes started by a_djamankeev in C:\Users\a_djamankeev\IdeaProjects\http — spring sec)
15:19:11.744 [main] INFO  com.example.http.HttpApplication - No active profile set, falling back to 1 default profile: "default"
15:19:12.924 [main] INFO  o.a.coyote.http11.Http11NioProtocol - Initializing ProtocolHandler ["http-nio-8081"]
15:19:12.926 [main] INFO  o.a.catalina.core.StandardService - Starting service [Tomcat]
15:19:12.926 [main] INFO  o.a.catalina.core.StandardEngine - Starting Servlet engine: [Apache Tomcat/10.1.7]
15:19:13.018 [main] INFO  o.a.c.c.C.[Tomcat].[localhost].[/] - Initializing Spring embedded WebApplicationContext
15:19:13.108 [main] INFO  o.h.jpa.internal.util.LogHelper - HHH000204: Processing PersistenceUnitInfo [name: default]
15:19:13.147 [main] INFO  org.hibernate.Version - HHH000412: Hibernate ORM core version 6.1.7.Final
15:19:13.357 [main] INFO  com.zaxxer.hikari.HikariDataSource - HikariPool-1 - Starting...
15:19:13.530 [main] INFO  com.zaxxer.hikari.pool.HikariPool - HikariPool-1 - Added connection org.postgresql.jdbc.PgConnection@68b7bdcb
15:19:13.532 [main] INFO  com.zaxxer.hikari.HikariDataSource - HikariPool-1 - Start completed.
15:19:13.557 [main] INFO  SQL dialect - HHH000400: Using dialect: org.hibernate.dialect.PostgreSQLDialect
15:19:14.523 [main] INFO  o.h.e.t.j.p.i.JtaPlatformInitiator - HHH000490: Using JtaPlatform implementation: [org.hibernate.engine.transaction.jta.platform.internal.NoJtaPlatform]
15:19:15.758 [main] INFO  o.a.coyote.http11.Http11NioProtocol - Starting ProtocolHandler ["http-nio-8081"]
15:19:15.777 [main] INFO  com.example.http.HttpApplication - Started HttpApplication in 4.324 seconds (process running for 5.236)
15:19:18.207 [http-nio-8081-exec-1] INFO  o.a.c.c.C.[Tomcat].[localhost].[/] - Initializing Spring DispatcherServlet 'dispatcherServlet'
15:19:18.467 [http-nio-8081-exec-1] INFO  c.e.h.s.impl.ScheduleServiceImpl - ScheduleServiceImpls -> com.example.http.request.ScheduleRequest@24c1ebb1
15:20:37.004 [http-nio-8081-exec-10] INFO  c.e.h.s.impl.ScheduleServiceImpl - ScheduleServiceImpls -> com.example.http.request.ScheduleRequest@52971937
16:07:13.523 [SpringApplicationShutdownHook] INFO  com.zaxxer.hikari.HikariDataSource - HikariPool-1 - Shutdown initiated...
16:07:13.529 [SpringApplicationShutdownHook] INFO  com.zaxxer.hikari.HikariDataSource - HikariPool-1 - Shutdown completed.
16:07:18.800 [background-preinit] INFO  o.h.validator.internal.util.Version - HV000001: Hibernate Validator 8.0.0.Final
16:07:18.838 [main] INFO  com.example.http.HttpApplication - Starting HttpApplication using Java 19.0.2 with PID 19204 (C:\Users\a_djamankeev\IdeaProjects\http — spring sec\target\classes started by a_djamankeev in C:\Users\a_djamankeev\IdeaProjects\http — spring sec)
16:07:18.838 [main] INFO  com.example.http.HttpApplication - No active profile set, falling back to 1 default profile: "default"
16:07:20.001 [main] INFO  o.a.coyote.http11.Http11NioProtocol - Initializing ProtocolHandler ["http-nio-8081"]
16:07:20.001 [main] INFO  o.a.catalina.core.StandardService - Starting service [Tomcat]
16:07:20.001 [main] INFO  o.a.catalina.core.StandardEngine - Starting Servlet engine: [Apache Tomcat/10.1.7]
16:07:20.091 [main] INFO  o.a.c.c.C.[Tomcat].[localhost].[/] - Initializing Spring embedded WebApplicationContext
16:07:20.194 [main] INFO  o.h.jpa.internal.util.LogHelper - HHH000204: Processing PersistenceUnitInfo [name: default]
16:07:20.232 [main] INFO  org.hibernate.Version - HHH000412: Hibernate ORM core version 6.1.7.Final
16:07:20.433 [main] INFO  com.zaxxer.hikari.HikariDataSource - HikariPool-1 - Starting...
16:07:20.603 [main] INFO  com.zaxxer.hikari.pool.HikariPool - HikariPool-1 - Added connection org.postgresql.jdbc.PgConnection@6003220a
16:07:20.604 [main] INFO  com.zaxxer.hikari.HikariDataSource - HikariPool-1 - Start completed.
16:07:20.628 [main] INFO  SQL dialect - HHH000400: Using dialect: org.hibernate.dialect.PostgreSQLDialect
16:07:21.522 [main] INFO  o.h.e.t.j.p.i.JtaPlatformInitiator - HHH000490: Using JtaPlatform implementation: [org.hibernate.engine.transaction.jta.platform.internal.NoJtaPlatform]
16:07:22.788 [main] INFO  o.a.coyote.http11.Http11NioProtocol - Starting ProtocolHandler ["http-nio-8081"]
16:07:22.804 [main] INFO  com.example.http.HttpApplication - Started HttpApplication in 4.235 seconds (process running for 5.044)
16:20:50.734 [http-nio-8081-exec-1] INFO  o.a.c.c.C.[Tomcat].[localhost].[/] - Initializing Spring DispatcherServlet 'dispatcherServlet'
16:24:08.995 [SpringApplicationShutdownHook] INFO  com.zaxxer.hikari.HikariDataSource - HikariPool-1 - Shutdown initiated...
16:24:08.998 [SpringApplicationShutdownHook] INFO  com.zaxxer.hikari.HikariDataSource - HikariPool-1 - Shutdown completed.
16:24:14.163 [background-preinit] INFO  o.h.validator.internal.util.Version - HV000001: Hibernate Validator 8.0.0.Final
16:24:14.198 [main] INFO  com.example.http.HttpApplication - Starting HttpApplication using Java 19.0.2 with PID 15100 (C:\Users\a_djamankeev\IdeaProjects\http — spring sec\target\classes started by a_djamankeev in C:\Users\a_djamankeev\IdeaProjects\http — spring sec)
16:24:14.199 [main] INFO  com.example.http.HttpApplication - No active profile set, falling back to 1 default profile: "default"
16:24:15.450 [main] INFO  o.a.coyote.http11.Http11NioProtocol - Initializing ProtocolHandler ["http-nio-8081"]
16:24:15.451 [main] INFO  o.a.catalina.core.StandardService - Starting service [Tomcat]
16:24:15.451 [main] INFO  o.a.catalina.core.StandardEngine - Starting Servlet engine: [Apache Tomcat/10.1.7]
16:24:15.539 [main] INFO  o.a.c.c.C.[Tomcat].[localhost].[/] - Initializing Spring embedded WebApplicationContext
16:24:15.630 [main] INFO  o.h.jpa.internal.util.LogHelper - HHH000204: Processing PersistenceUnitInfo [name: default]
16:24:15.668 [main] INFO  org.hibernate.Version - HHH000412: Hibernate ORM core version 6.1.7.Final
16:24:15.876 [main] INFO  com.zaxxer.hikari.HikariDataSource - HikariPool-1 - Starting...
16:24:16.047 [main] INFO  com.zaxxer.hikari.pool.HikariPool - HikariPool-1 - Added connection org.postgresql.jdbc.PgConnection@726a8729
16:24:16.048 [main] INFO  com.zaxxer.hikari.HikariDataSource - HikariPool-1 - Start completed.
16:24:16.073 [main] INFO  SQL dialect - HHH000400: Using dialect: org.hibernate.dialect.PostgreSQLDialect
16:24:17.037 [main] INFO  o.h.e.t.j.p.i.JtaPlatformInitiator - HHH000490: Using JtaPlatform implementation: [org.hibernate.engine.transaction.jta.platform.internal.NoJtaPlatform]
16:24:18.352 [main] INFO  o.a.coyote.http11.Http11NioProtocol - Starting ProtocolHandler ["http-nio-8081"]
16:24:18.369 [main] INFO  com.example.http.HttpApplication - Started HttpApplication in 4.45 seconds (process running for 5.464)
16:24:37.874 [http-nio-8081-exec-1] INFO  o.a.c.c.C.[Tomcat].[localhost].[/] - Initializing Spring DispatcherServlet 'dispatcherServlet'
16:27:00.034 [SpringApplicationShutdownHook] INFO  com.zaxxer.hikari.HikariDataSource - HikariPool-1 - Shutdown initiated...
16:27:00.037 [SpringApplicationShutdownHook] INFO  com.zaxxer.hikari.HikariDataSource - HikariPool-1 - Shutdown completed.
16:27:03.355 [background-preinit] INFO  o.h.validator.internal.util.Version - HV000001: Hibernate Validator 8.0.0.Final
16:27:03.403 [main] INFO  com.example.http.HttpApplication - Starting HttpApplication using Java 19.0.2 with PID 13696 (C:\Users\a_djamankeev\IdeaProjects\http — spring sec\target\classes started by a_djamankeev in C:\Users\a_djamankeev\IdeaProjects\http — spring sec)
16:27:03.404 [main] INFO  com.example.http.HttpApplication - No active profile set, falling back to 1 default profile: "default"
16:27:04.804 [main] INFO  o.a.coyote.http11.Http11NioProtocol - Initializing ProtocolHandler ["http-nio-8081"]
16:27:04.804 [main] INFO  o.a.catalina.core.StandardService - Starting service [Tomcat]
16:27:04.804 [main] INFO  o.a.catalina.core.StandardEngine - Starting Servlet engine: [Apache Tomcat/10.1.7]
16:27:04.907 [main] INFO  o.a.c.c.C.[Tomcat].[localhost].[/] - Initializing Spring embedded WebApplicationContext
16:27:05.033 [main] INFO  o.h.jpa.internal.util.LogHelper - HHH000204: Processing PersistenceUnitInfo [name: default]
16:27:05.123 [main] INFO  org.hibernate.Version - HHH000412: Hibernate ORM core version 6.1.7.Final
16:27:05.403 [main] INFO  com.zaxxer.hikari.HikariDataSource - HikariPool-1 - Starting...
16:27:05.601 [main] INFO  com.zaxxer.hikari.pool.HikariPool - HikariPool-1 - Added connection org.postgresql.jdbc.PgConnection@78545d40
16:27:05.603 [main] INFO  com.zaxxer.hikari.HikariDataSource - HikariPool-1 - Start completed.
16:27:05.636 [main] INFO  SQL dialect - HHH000400: Using dialect: org.hibernate.dialect.PostgreSQLDialect
16:27:06.806 [main] INFO  o.h.e.t.j.p.i.JtaPlatformInitiator - HHH000490: Using JtaPlatform implementation: [org.hibernate.engine.transaction.jta.platform.internal.NoJtaPlatform]
16:29:07.801 [main] INFO  o.a.coyote.http11.Http11NioProtocol - Starting ProtocolHandler ["http-nio-8081"]
16:29:10.086 [main] INFO  com.example.http.HttpApplication - Started HttpApplication in 126.996 seconds (process running for 128.24)
16:31:08.263 [http-nio-8081-exec-1] INFO  o.a.c.c.C.[Tomcat].[localhost].[/] - Initializing Spring DispatcherServlet 'dispatcherServlet'
16:34:11.242 [SpringApplicationShutdownHook] INFO  com.zaxxer.hikari.HikariDataSource - HikariPool-1 - Shutdown initiated...
16:34:11.247 [SpringApplicationShutdownHook] INFO  com.zaxxer.hikari.HikariDataSource - HikariPool-1 - Shutdown completed.
16:34:14.821 [background-preinit] INFO  o.h.validator.internal.util.Version - HV000001: Hibernate Validator 8.0.0.Final
16:34:14.856 [main] INFO  com.example.http.HttpApplication - Starting HttpApplication using Java 19.0.2 with PID 14452 (C:\Users\a_djamankeev\IdeaProjects\http — spring sec\target\classes started by a_djamankeev in C:\Users\a_djamankeev\IdeaProjects\http — spring sec)
16:34:14.856 [main] INFO  com.example.http.HttpApplication - No active profile set, falling back to 1 default profile: "default"
16:34:15.965 [main] INFO  o.a.coyote.http11.Http11NioProtocol - Initializing ProtocolHandler ["http-nio-8081"]
16:34:15.966 [main] INFO  o.a.catalina.core.StandardService - Starting service [Tomcat]
16:34:15.966 [main] INFO  o.a.catalina.core.StandardEngine - Starting Servlet engine: [Apache Tomcat/10.1.7]
16:34:16.062 [main] INFO  o.a.c.c.C.[Tomcat].[localhost].[/] - Initializing Spring embedded WebApplicationContext
16:34:16.152 [main] INFO  o.h.jpa.internal.util.LogHelper - HHH000204: Processing PersistenceUnitInfo [name: default]
16:34:16.195 [main] INFO  org.hibernate.Version - HHH000412: Hibernate ORM core version 6.1.7.Final
16:34:16.417 [main] INFO  com.zaxxer.hikari.HikariDataSource - HikariPool-1 - Starting...
16:34:16.577 [main] INFO  com.zaxxer.hikari.pool.HikariPool - HikariPool-1 - Added connection org.postgresql.jdbc.PgConnection@1c2dd89b
16:34:16.578 [main] INFO  com.zaxxer.hikari.HikariDataSource - HikariPool-1 - Start completed.
16:34:16.601 [main] INFO  SQL dialect - HHH000400: Using dialect: org.hibernate.dialect.PostgreSQLDialect
16:34:17.524 [main] INFO  o.h.e.t.j.p.i.JtaPlatformInitiator - HHH000490: Using JtaPlatform implementation: [org.hibernate.engine.transaction.jta.platform.internal.NoJtaPlatform]
16:34:18.677 [main] INFO  o.a.coyote.http11.Http11NioProtocol - Starting ProtocolHandler ["http-nio-8081"]
16:34:18.694 [main] INFO  com.example.http.HttpApplication - Started HttpApplication in 4.114 seconds (process running for 5.287)
16:34:24.049 [http-nio-8081-exec-1] INFO  o.a.c.c.C.[Tomcat].[localhost].[/] - Initializing Spring DispatcherServlet 'dispatcherServlet'
16:39:18.073 [http-nio-8081-exec-1] INFO  c.e.h.a.config.AuthenticationService - Authenticate -> AuthenticationRequest(email=jiji@gmail.com, password=100)
16:39:18.462 [http-nio-8081-exec-2] INFO  c.e.h.service.impl.CheckServiceImpl - CheckServiceImpls -> CheckRequest(currency=KGS, account=996559112301, sender=996559112301, status=null, qid=null, date=2023-06-26)
